{"C:\\Users\\joons\\Documents\\CS 196-2\\project-repository-jskpaul\\frontend\\postcss.config.cjs": {"path":"C:\\Users\\joons\\Documents\\CS 196-2\\project-repository-jskpaul\\frontend\\postcss.config.cjs","all":true,"statementMap":{"0":{"start":{"line":1,"column":0},"end":{"line":1,"column":18}},"1":{"start":{"line":2,"column":0},"end":{"line":2,"column":12}},"2":{"start":{"line":3,"column":0},"end":{"line":3,"column":20}},"3":{"start":{"line":4,"column":0},"end":{"line":4,"column":20}},"4":{"start":{"line":5,"column":0},"end":{"line":5,"column":3}},"5":{"start":{"line":6,"column":0},"end":{"line":6,"column":2}}},"s":{"0":0,"1":0,"2":0,"3":0,"4":0,"5":0},"branchMap":{"0":{"type":"branch","line":1,"loc":{"start":{"line":1,"column":0},"end":{"line":6,"column":2}},"locations":[{"start":{"line":1,"column":0},"end":{"line":6,"column":2}}]}},"b":{"0":[0]},"fnMap":{"0":{"name":"(empty-report)","decl":{"start":{"line":1,"column":0},"end":{"line":6,"column":2}},"loc":{"start":{"line":1,"column":0},"end":{"line":6,"column":2}},"line":1}},"f":{"0":0}}
,"C:\\Users\\joons\\Documents\\CS 196-2\\project-repository-jskpaul\\frontend\\tailwind.config.cjs": {"path":"C:\\Users\\joons\\Documents\\CS 196-2\\project-repository-jskpaul\\frontend\\tailwind.config.cjs","all":true,"statementMap":{"0":{"start":{"line":1,"column":0},"end":{"line":1,"column":43}},"1":{"start":{"line":2,"column":0},"end":{"line":2,"column":18}},"2":{"start":{"line":3,"column":0},"end":{"line":3,"column":20}},"3":{"start":{"line":4,"column":0},"end":{"line":4,"column":51}},"4":{"start":{"line":5,"column":0},"end":{"line":5,"column":10}},"5":{"start":{"line":6,"column":0},"end":{"line":6,"column":13}},"6":{"start":{"line":7,"column":0},"end":{"line":7,"column":15}},"7":{"start":{"line":8,"column":0},"end":{"line":8,"column":23}},"8":{"start":{"line":9,"column":0},"end":{"line":9,"column":26}},"9":{"start":{"line":10,"column":0},"end":{"line":10,"column":26}},"10":{"start":{"line":11,"column":0},"end":{"line":11,"column":8}},"11":{"start":{"line":12,"column":0},"end":{"line":12,"column":24}},"12":{"start":{"line":13,"column":0},"end":{"line":13,"column":15}},"13":{"start":{"line":14,"column":0},"end":{"line":14,"column":296}},"14":{"start":{"line":15,"column":0},"end":{"line":15,"column":19}},"15":{"start":{"line":16,"column":0},"end":{"line":16,"column":297}},"16":{"start":{"line":17,"column":0},"end":{"line":17,"column":7}},"17":{"start":{"line":18,"column":0},"end":{"line":18,"column":5}},"18":{"start":{"line":19,"column":0},"end":{"line":19,"column":4}},"19":{"start":{"line":20,"column":0},"end":{"line":20,"column":13}},"20":{"start":{"line":21,"column":0},"end":{"line":21,"column":2}}},"s":{"0":0,"1":0,"2":0,"3":0,"4":0,"5":0,"6":0,"7":0,"8":0,"9":0,"10":0,"11":0,"12":0,"13":0,"14":0,"15":0,"16":0,"17":0,"18":0,"19":0,"20":0},"branchMap":{"0":{"type":"branch","line":1,"loc":{"start":{"line":1,"column":0},"end":{"line":21,"column":2}},"locations":[{"start":{"line":1,"column":0},"end":{"line":21,"column":2}}]}},"b":{"0":[0]},"fnMap":{"0":{"name":"(empty-report)","decl":{"start":{"line":1,"column":0},"end":{"line":21,"column":2}},"loc":{"start":{"line":1,"column":0},"end":{"line":21,"column":2}},"line":1}},"f":{"0":0}}
,"C:\\Users\\joons\\Documents\\CS 196-2\\project-repository-jskpaul\\frontend\\src\\App.tsx": {"path":"C:\\Users\\joons\\Documents\\CS 196-2\\project-repository-jskpaul\\frontend\\src\\App.tsx","all":false,"statementMap":{"0":{"start":{"line":1,"column":0},"end":{"line":1,"column":59}},"1":{"start":{"line":2,"column":0},"end":{"line":2,"column":45}},"2":{"start":{"line":3,"column":0},"end":{"line":3,"column":62}},"3":{"start":{"line":4,"column":0},"end":{"line":4,"column":64}},"4":{"start":{"line":5,"column":0},"end":{"line":5,"column":46}},"5":{"start":{"line":6,"column":0},"end":{"line":6,"column":52}},"6":{"start":{"line":7,"column":0},"end":{"line":7,"column":50}},"7":{"start":{"line":8,"column":0},"end":{"line":8,"column":54}},"8":{"start":{"line":9,"column":0},"end":{"line":9,"column":50}},"9":{"start":{"line":10,"column":0},"end":{"line":10,"column":50}},"10":{"start":{"line":11,"column":0},"end":{"line":11,"column":66}},"11":{"start":{"line":12,"column":0},"end":{"line":12,"column":52}},"12":{"start":{"line":13,"column":0},"end":{"line":13,"column":62}},"13":{"start":{"line":14,"column":0},"end":{"line":14,"column":49}},"15":{"start":{"line":16,"column":0},"end":{"line":16,"column":16}},"16":{"start":{"line":17,"column":0},"end":{"line":17,"column":10}},"17":{"start":{"line":18,"column":0},"end":{"line":18,"column":12}},"18":{"start":{"line":19,"column":0},"end":{"line":19,"column":14}},"19":{"start":{"line":20,"column":0},"end":{"line":20,"column":68}},"20":{"start":{"line":21,"column":0},"end":{"line":21,"column":66}},"21":{"start":{"line":22,"column":0},"end":{"line":22,"column":75}},"22":{"start":{"line":23,"column":0},"end":{"line":23,"column":55}},"23":{"start":{"line":24,"column":0},"end":{"line":24,"column":14}},"24":{"start":{"line":25,"column":0},"end":{"line":25,"column":22}},"25":{"start":{"line":26,"column":0},"end":{"line":26,"column":19}},"26":{"start":{"line":27,"column":0},"end":{"line":27,"column":25}},"27":{"start":{"line":28,"column":0},"end":{"line":28,"column":30}},"31":{"start":{"line":32,"column":0},"end":{"line":32,"column":14}},"32":{"start":{"line":33,"column":0},"end":{"line":33,"column":22}},"33":{"start":{"line":34,"column":0},"end":{"line":34,"column":19}},"34":{"start":{"line":35,"column":0},"end":{"line":35,"column":25}},"35":{"start":{"line":36,"column":0},"end":{"line":36,"column":29}},"39":{"start":{"line":40,"column":0},"end":{"line":40,"column":14}},"40":{"start":{"line":41,"column":0},"end":{"line":41,"column":37}},"41":{"start":{"line":42,"column":0},"end":{"line":42,"column":19}},"42":{"start":{"line":43,"column":0},"end":{"line":43,"column":25}},"43":{"start":{"line":44,"column":0},"end":{"line":44,"column":31}},"47":{"start":{"line":48,"column":0},"end":{"line":48,"column":14}},"48":{"start":{"line":49,"column":0},"end":{"line":49,"column":40}},"49":{"start":{"line":50,"column":0},"end":{"line":50,"column":19}},"50":{"start":{"line":51,"column":0},"end":{"line":51,"column":25}},"51":{"start":{"line":52,"column":0},"end":{"line":52,"column":29}},"55":{"start":{"line":56,"column":0},"end":{"line":56,"column":14}},"56":{"start":{"line":57,"column":0},"end":{"line":57,"column":33}},"57":{"start":{"line":58,"column":0},"end":{"line":58,"column":19}},"58":{"start":{"line":59,"column":0},"end":{"line":59,"column":25}},"59":{"start":{"line":60,"column":0},"end":{"line":60,"column":29}},"63":{"start":{"line":64,"column":0},"end":{"line":64,"column":14}},"64":{"start":{"line":65,"column":0},"end":{"line":65,"column":34}},"65":{"start":{"line":66,"column":0},"end":{"line":66,"column":19}},"66":{"start":{"line":67,"column":0},"end":{"line":67,"column":25}},"67":{"start":{"line":68,"column":0},"end":{"line":68,"column":37}},"71":{"start":{"line":72,"column":0},"end":{"line":72,"column":14}},"72":{"start":{"line":73,"column":0},"end":{"line":73,"column":24}},"73":{"start":{"line":74,"column":0},"end":{"line":74,"column":19}},"74":{"start":{"line":75,"column":0},"end":{"line":75,"column":25}},"75":{"start":{"line":76,"column":0},"end":{"line":76,"column":35}},"79":{"start":{"line":80,"column":0},"end":{"line":80,"column":53}},"83":{"start":{"line":84,"column":0},"end":{"line":84,"column":1}},"85":{"start":{"line":86,"column":0},"end":{"line":86,"column":19}}},"s":{"0":1,"1":1,"2":1,"3":1,"4":1,"5":1,"6":1,"7":1,"8":1,"9":1,"10":1,"11":1,"12":1,"13":1,"15":1,"16":1,"17":1,"18":1,"19":1,"20":1,"21":1,"22":1,"23":1,"24":1,"25":1,"26":1,"27":1,"31":1,"32":1,"33":1,"34":1,"35":1,"39":1,"40":1,"41":1,"42":1,"43":1,"47":1,"48":1,"49":1,"50":1,"51":1,"55":1,"56":1,"57":1,"58":1,"59":1,"63":1,"64":1,"65":1,"66":1,"67":1,"71":1,"72":1,"73":1,"74":1,"75":1,"79":1,"83":1,"85":1},"branchMap":{"0":{"type":"branch","line":16,"loc":{"start":{"line":16,"column":0},"end":{"line":84,"column":1}},"locations":[{"start":{"line":16,"column":0},"end":{"line":84,"column":1}}]}},"b":{"0":[1]},"fnMap":{"0":{"name":"App","decl":{"start":{"line":16,"column":0},"end":{"line":84,"column":1}},"loc":{"start":{"line":16,"column":0},"end":{"line":84,"column":1}},"line":16}},"f":{"0":1}}
,"C:\\Users\\joons\\Documents\\CS 196-2\\project-repository-jskpaul\\frontend\\src\\main.tsx": {"path":"C:\\Users\\joons\\Documents\\CS 196-2\\project-repository-jskpaul\\frontend\\src\\main.tsx","all":true,"statementMap":{"0":{"start":{"line":1,"column":0},"end":{"line":1,"column":26}},"1":{"start":{"line":2,"column":0},"end":{"line":2,"column":40}},"2":{"start":{"line":3,"column":0},"end":{"line":3,"column":49}},"3":{"start":{"line":4,"column":0},"end":{"line":4,"column":24}},"4":{"start":{"line":5,"column":0},"end":{"line":5,"column":22}},"5":{"start":{"line":6,"column":0},"end":{"line":6,"column":50}},"6":{"start":{"line":7,"column":0},"end":{"line":7,"column":0}},"7":{"start":{"line":8,"column":0},"end":{"line":8,"column":75}},"8":{"start":{"line":9,"column":0},"end":{"line":9,"column":20}},"9":{"start":{"line":10,"column":0},"end":{"line":10,"column":18}},"10":{"start":{"line":11,"column":0},"end":{"line":11,"column":21}},"11":{"start":{"line":12,"column":0},"end":{"line":12,"column":15}},"12":{"start":{"line":13,"column":0},"end":{"line":13,"column":22}},"13":{"start":{"line":14,"column":0},"end":{"line":14,"column":19}},"14":{"start":{"line":15,"column":0},"end":{"line":15,"column":21}},"15":{"start":{"line":16,"column":0},"end":{"line":16,"column":2}}},"s":{"0":0,"1":0,"2":0,"3":0,"4":0,"5":0,"6":0,"7":0,"8":0,"9":0,"10":0,"11":0,"12":0,"13":0,"14":0,"15":0},"branchMap":{"0":{"type":"branch","line":1,"loc":{"start":{"line":1,"column":0},"end":{"line":16,"column":2}},"locations":[{"start":{"line":1,"column":0},"end":{"line":16,"column":2}}]}},"b":{"0":[0]},"fnMap":{"0":{"name":"(empty-report)","decl":{"start":{"line":1,"column":0},"end":{"line":16,"column":2}},"loc":{"start":{"line":1,"column":0},"end":{"line":16,"column":2}},"line":1}},"f":{"0":0}}
,"C:\\Users\\joons\\Documents\\CS 196-2\\project-repository-jskpaul\\frontend\\src\\api\\client.ts": {"path":"C:\\Users\\joons\\Documents\\CS 196-2\\project-repository-jskpaul\\frontend\\src\\api\\client.ts","all":false,"statementMap":{"56":{"start":{"line":57,"column":0},"end":{"line":57,"column":27}},"57":{"start":{"line":58,"column":0},"end":{"line":58,"column":73}},"59":{"start":{"line":60,"column":0},"end":{"line":60,"column":41}},"60":{"start":{"line":61,"column":0},"end":{"line":61,"column":54}},"61":{"start":{"line":62,"column":0},"end":{"line":62,"column":1}},"63":{"start":{"line":64,"column":0},"end":{"line":64,"column":96}},"64":{"start":{"line":65,"column":0},"end":{"line":65,"column":37}},"65":{"start":{"line":66,"column":0},"end":{"line":66,"column":33}},"66":{"start":{"line":67,"column":0},"end":{"line":67,"column":33}},"68":{"start":{"line":69,"column":0},"end":{"line":69,"column":53}},"69":{"start":{"line":70,"column":0},"end":{"line":70,"column":19}},"70":{"start":{"line":71,"column":0},"end":{"line":71,"column":14}},"71":{"start":{"line":72,"column":0},"end":{"line":72,"column":57}},"72":{"start":{"line":73,"column":0},"end":{"line":73,"column":6}},"73":{"start":{"line":74,"column":0},"end":{"line":74,"column":8}},"74":{"start":{"line":75,"column":0},"end":{"line":75,"column":5}},"76":{"start":{"line":77,"column":0},"end":{"line":77,"column":17}},"77":{"start":{"line":78,"column":0},"end":{"line":78,"column":43}},"78":{"start":{"line":79,"column":0},"end":{"line":79,"column":3}},"80":{"start":{"line":81,"column":0},"end":{"line":81,"column":46}},"81":{"start":{"line":82,"column":0},"end":{"line":82,"column":1}},"83":{"start":{"line":84,"column":0},"end":{"line":84,"column":47}},"88":{"start":{"line":89,"column":0},"end":{"line":89,"column":19}},"89":{"start":{"line":90,"column":0},"end":{"line":90,"column":56}},"90":{"start":{"line":91,"column":0},"end":{"line":91,"column":19}},"91":{"start":{"line":92,"column":0},"end":{"line":92,"column":14}},"92":{"start":{"line":93,"column":0},"end":{"line":93,"column":40}},"93":{"start":{"line":94,"column":0},"end":{"line":94,"column":6}},"94":{"start":{"line":95,"column":0},"end":{"line":95,"column":32}},"95":{"start":{"line":96,"column":0},"end":{"line":96,"column":5}},"97":{"start":{"line":98,"column":0},"end":{"line":98,"column":17}},"98":{"start":{"line":99,"column":0},"end":{"line":99,"column":37}},"99":{"start":{"line":100,"column":0},"end":{"line":100,"column":53}},"100":{"start":{"line":101,"column":0},"end":{"line":101,"column":3}},"101":{"start":{"line":102,"column":0},"end":{"line":102,"column":1}},"103":{"start":{"line":104,"column":0},"end":{"line":104,"column":71}},"104":{"start":{"line":105,"column":0},"end":{"line":105,"column":47}},"105":{"start":{"line":106,"column":0},"end":{"line":106,"column":14}},"106":{"start":{"line":107,"column":0},"end":{"line":107,"column":38}},"107":{"start":{"line":108,"column":0},"end":{"line":108,"column":5}},"108":{"start":{"line":109,"column":0},"end":{"line":109,"column":5}},"109":{"start":{"line":110,"column":0},"end":{"line":110,"column":17}},"110":{"start":{"line":111,"column":0},"end":{"line":111,"column":82}},"111":{"start":{"line":112,"column":0},"end":{"line":112,"column":31}},"112":{"start":{"line":113,"column":0},"end":{"line":113,"column":16}},"113":{"start":{"line":114,"column":0},"end":{"line":114,"column":3}},"114":{"start":{"line":115,"column":0},"end":{"line":115,"column":45}},"115":{"start":{"line":116,"column":0},"end":{"line":116,"column":1}},"117":{"start":{"line":118,"column":0},"end":{"line":118,"column":80}},"118":{"start":{"line":119,"column":0},"end":{"line":119,"column":49}},"119":{"start":{"line":120,"column":0},"end":{"line":120,"column":19}},"120":{"start":{"line":121,"column":0},"end":{"line":121,"column":14}},"121":{"start":{"line":122,"column":0},"end":{"line":122,"column":41}},"122":{"start":{"line":123,"column":0},"end":{"line":123,"column":38}},"123":{"start":{"line":124,"column":0},"end":{"line":124,"column":6}},"124":{"start":{"line":125,"column":0},"end":{"line":125,"column":34}},"125":{"start":{"line":126,"column":0},"end":{"line":126,"column":5}},"126":{"start":{"line":127,"column":0},"end":{"line":127,"column":17}},"127":{"start":{"line":128,"column":0},"end":{"line":128,"column":37}},"128":{"start":{"line":129,"column":0},"end":{"line":129,"column":56}},"129":{"start":{"line":130,"column":0},"end":{"line":130,"column":3}},"130":{"start":{"line":131,"column":0},"end":{"line":131,"column":38}},"131":{"start":{"line":132,"column":0},"end":{"line":132,"column":1}},"133":{"start":{"line":134,"column":0},"end":{"line":134,"column":82}},"134":{"start":{"line":135,"column":0},"end":{"line":135,"column":60}},"135":{"start":{"line":136,"column":0},"end":{"line":136,"column":21}},"136":{"start":{"line":137,"column":0},"end":{"line":137,"column":14}},"137":{"start":{"line":138,"column":0},"end":{"line":138,"column":38}},"138":{"start":{"line":139,"column":0},"end":{"line":139,"column":5}},"139":{"start":{"line":140,"column":0},"end":{"line":140,"column":5}},"140":{"start":{"line":141,"column":0},"end":{"line":141,"column":17}},"141":{"start":{"line":142,"column":0},"end":{"line":142,"column":37}},"142":{"start":{"line":143,"column":0},"end":{"line":143,"column":56}},"143":{"start":{"line":144,"column":0},"end":{"line":144,"column":3}},"144":{"start":{"line":145,"column":0},"end":{"line":145,"column":1}},"146":{"start":{"line":147,"column":0},"end":{"line":147,"column":35}},"147":{"start":{"line":148,"column":0},"end":{"line":148,"column":19}},"148":{"start":{"line":149,"column":0},"end":{"line":149,"column":22}},"150":{"start":{"line":151,"column":0},"end":{"line":151,"column":80}},"151":{"start":{"line":152,"column":0},"end":{"line":152,"column":18}},"152":{"start":{"line":153,"column":0},"end":{"line":153,"column":9}},"153":{"start":{"line":154,"column":0},"end":{"line":154,"column":42}},"154":{"start":{"line":155,"column":0},"end":{"line":155,"column":9}},"155":{"start":{"line":156,"column":0},"end":{"line":156,"column":17}},"156":{"start":{"line":157,"column":0},"end":{"line":157,"column":5}},"157":{"start":{"line":158,"column":0},"end":{"line":158,"column":17}},"158":{"start":{"line":159,"column":0},"end":{"line":159,"column":46}},"159":{"start":{"line":160,"column":0},"end":{"line":160,"column":3}},"160":{"start":{"line":161,"column":0},"end":{"line":161,"column":48}},"161":{"start":{"line":162,"column":0},"end":{"line":162,"column":1}},"163":{"start":{"line":164,"column":0},"end":{"line":164,"column":80}},"164":{"start":{"line":165,"column":0},"end":{"line":165,"column":65}},"165":{"start":{"line":166,"column":0},"end":{"line":166,"column":19}},"166":{"start":{"line":167,"column":0},"end":{"line":167,"column":14}},"167":{"start":{"line":168,"column":0},"end":{"line":168,"column":38}},"168":{"start":{"line":169,"column":0},"end":{"line":169,"column":5}},"169":{"start":{"line":170,"column":0},"end":{"line":170,"column":5}},"170":{"start":{"line":171,"column":0},"end":{"line":171,"column":17}},"171":{"start":{"line":172,"column":0},"end":{"line":172,"column":37}},"172":{"start":{"line":173,"column":0},"end":{"line":173,"column":55}},"173":{"start":{"line":174,"column":0},"end":{"line":174,"column":3}},"174":{"start":{"line":175,"column":0},"end":{"line":175,"column":1}},"176":{"start":{"line":177,"column":0},"end":{"line":177,"column":82}},"177":{"start":{"line":178,"column":0},"end":{"line":178,"column":65}},"178":{"start":{"line":179,"column":0},"end":{"line":179,"column":21}},"179":{"start":{"line":180,"column":0},"end":{"line":180,"column":14}},"180":{"start":{"line":181,"column":0},"end":{"line":181,"column":38}},"181":{"start":{"line":182,"column":0},"end":{"line":182,"column":5}},"182":{"start":{"line":183,"column":0},"end":{"line":183,"column":5}},"183":{"start":{"line":184,"column":0},"end":{"line":184,"column":17}},"184":{"start":{"line":185,"column":0},"end":{"line":185,"column":37}},"185":{"start":{"line":186,"column":0},"end":{"line":186,"column":57}},"186":{"start":{"line":187,"column":0},"end":{"line":187,"column":3}},"187":{"start":{"line":188,"column":0},"end":{"line":188,"column":1}},"199":{"start":{"line":200,"column":0},"end":{"line":200,"column":38}},"200":{"start":{"line":201,"column":0},"end":{"line":201,"column":82}},"201":{"start":{"line":202,"column":0},"end":{"line":202,"column":15}},"203":{"start":{"line":204,"column":0},"end":{"line":204,"column":51}},"204":{"start":{"line":205,"column":0},"end":{"line":205,"column":18}},"205":{"start":{"line":206,"column":0},"end":{"line":206,"column":14}},"206":{"start":{"line":207,"column":0},"end":{"line":207,"column":41}},"207":{"start":{"line":208,"column":0},"end":{"line":208,"column":38}},"208":{"start":{"line":209,"column":0},"end":{"line":209,"column":6}},"209":{"start":{"line":210,"column":0},"end":{"line":210,"column":32}},"210":{"start":{"line":211,"column":0},"end":{"line":211,"column":5}},"211":{"start":{"line":212,"column":0},"end":{"line":212,"column":17}},"212":{"start":{"line":213,"column":0},"end":{"line":213,"column":37}},"213":{"start":{"line":214,"column":0},"end":{"line":214,"column":58}},"214":{"start":{"line":215,"column":0},"end":{"line":215,"column":3}},"215":{"start":{"line":216,"column":0},"end":{"line":216,"column":44}},"216":{"start":{"line":217,"column":0},"end":{"line":217,"column":1}},"218":{"start":{"line":219,"column":0},"end":{"line":219,"column":79}},"219":{"start":{"line":220,"column":0},"end":{"line":220,"column":64}},"220":{"start":{"line":221,"column":0},"end":{"line":221,"column":19}},"221":{"start":{"line":222,"column":0},"end":{"line":222,"column":14}},"222":{"start":{"line":223,"column":0},"end":{"line":223,"column":38}},"223":{"start":{"line":224,"column":0},"end":{"line":224,"column":5}},"224":{"start":{"line":225,"column":0},"end":{"line":225,"column":5}},"225":{"start":{"line":226,"column":0},"end":{"line":226,"column":17}},"226":{"start":{"line":227,"column":0},"end":{"line":227,"column":37}},"227":{"start":{"line":228,"column":0},"end":{"line":228,"column":54}},"228":{"start":{"line":229,"column":0},"end":{"line":229,"column":3}},"229":{"start":{"line":230,"column":0},"end":{"line":230,"column":1}},"231":{"start":{"line":232,"column":0},"end":{"line":232,"column":81}},"232":{"start":{"line":233,"column":0},"end":{"line":233,"column":64}},"233":{"start":{"line":234,"column":0},"end":{"line":234,"column":21}},"234":{"start":{"line":235,"column":0},"end":{"line":235,"column":14}},"235":{"start":{"line":236,"column":0},"end":{"line":236,"column":38}},"236":{"start":{"line":237,"column":0},"end":{"line":237,"column":5}},"237":{"start":{"line":238,"column":0},"end":{"line":238,"column":5}},"238":{"start":{"line":239,"column":0},"end":{"line":239,"column":17}},"239":{"start":{"line":240,"column":0},"end":{"line":240,"column":37}},"240":{"start":{"line":241,"column":0},"end":{"line":241,"column":56}},"241":{"start":{"line":242,"column":0},"end":{"line":242,"column":3}},"242":{"start":{"line":243,"column":0},"end":{"line":243,"column":1}},"244":{"start":{"line":245,"column":0},"end":{"line":245,"column":74}},"245":{"start":{"line":246,"column":0},"end":{"line":246,"column":39}},"246":{"start":{"line":247,"column":0},"end":{"line":247,"column":25}},"247":{"start":{"line":248,"column":0},"end":{"line":248,"column":75}},"248":{"start":{"line":249,"column":0},"end":{"line":249,"column":17}},"249":{"start":{"line":250,"column":0},"end":{"line":250,"column":37}},"250":{"start":{"line":251,"column":0},"end":{"line":251,"column":56}},"251":{"start":{"line":252,"column":0},"end":{"line":252,"column":3}},"252":{"start":{"line":253,"column":0},"end":{"line":253,"column":46}},"253":{"start":{"line":254,"column":0},"end":{"line":254,"column":1}},"255":{"start":{"line":256,"column":0},"end":{"line":256,"column":80}},"256":{"start":{"line":257,"column":0},"end":{"line":257,"column":65}},"257":{"start":{"line":258,"column":0},"end":{"line":258,"column":19}},"258":{"start":{"line":259,"column":0},"end":{"line":259,"column":14}},"259":{"start":{"line":260,"column":0},"end":{"line":260,"column":38}},"260":{"start":{"line":261,"column":0},"end":{"line":261,"column":5}},"261":{"start":{"line":262,"column":0},"end":{"line":262,"column":5}},"262":{"start":{"line":263,"column":0},"end":{"line":263,"column":17}},"263":{"start":{"line":264,"column":0},"end":{"line":264,"column":37}},"264":{"start":{"line":265,"column":0},"end":{"line":265,"column":54}},"265":{"start":{"line":266,"column":0},"end":{"line":266,"column":3}},"266":{"start":{"line":267,"column":0},"end":{"line":267,"column":1}},"268":{"start":{"line":269,"column":0},"end":{"line":269,"column":82}},"269":{"start":{"line":270,"column":0},"end":{"line":270,"column":65}},"270":{"start":{"line":271,"column":0},"end":{"line":271,"column":21}},"271":{"start":{"line":272,"column":0},"end":{"line":272,"column":14}},"272":{"start":{"line":273,"column":0},"end":{"line":273,"column":38}},"273":{"start":{"line":274,"column":0},"end":{"line":274,"column":5}},"274":{"start":{"line":275,"column":0},"end":{"line":275,"column":5}},"275":{"start":{"line":276,"column":0},"end":{"line":276,"column":17}},"276":{"start":{"line":277,"column":0},"end":{"line":277,"column":37}},"277":{"start":{"line":278,"column":0},"end":{"line":278,"column":56}},"278":{"start":{"line":279,"column":0},"end":{"line":279,"column":3}},"279":{"start":{"line":280,"column":0},"end":{"line":280,"column":1}},"281":{"start":{"line":282,"column":0},"end":{"line":282,"column":85}},"282":{"start":{"line":283,"column":0},"end":{"line":283,"column":68}},"283":{"start":{"line":284,"column":0},"end":{"line":284,"column":21}},"284":{"start":{"line":285,"column":0},"end":{"line":285,"column":14}},"285":{"start":{"line":286,"column":0},"end":{"line":286,"column":38}},"286":{"start":{"line":287,"column":0},"end":{"line":287,"column":5}},"287":{"start":{"line":288,"column":0},"end":{"line":288,"column":5}},"288":{"start":{"line":289,"column":0},"end":{"line":289,"column":17}},"289":{"start":{"line":290,"column":0},"end":{"line":290,"column":37}},"290":{"start":{"line":291,"column":0},"end":{"line":291,"column":58}},"291":{"start":{"line":292,"column":0},"end":{"line":292,"column":3}},"292":{"start":{"line":293,"column":0},"end":{"line":293,"column":1}},"294":{"start":{"line":295,"column":0},"end":{"line":295,"column":88}},"295":{"start":{"line":296,"column":0},"end":{"line":296,"column":69}},"296":{"start":{"line":297,"column":0},"end":{"line":297,"column":14}},"297":{"start":{"line":298,"column":0},"end":{"line":298,"column":38}},"298":{"start":{"line":299,"column":0},"end":{"line":299,"column":5}},"299":{"start":{"line":300,"column":0},"end":{"line":300,"column":5}},"300":{"start":{"line":301,"column":0},"end":{"line":301,"column":17}},"301":{"start":{"line":302,"column":0},"end":{"line":302,"column":37}},"302":{"start":{"line":303,"column":0},"end":{"line":303,"column":57}},"303":{"start":{"line":304,"column":0},"end":{"line":304,"column":3}},"304":{"start":{"line":305,"column":0},"end":{"line":305,"column":42}},"305":{"start":{"line":306,"column":0},"end":{"line":306,"column":1}},"307":{"start":{"line":308,"column":0},"end":{"line":308,"column":36}},"308":{"start":{"line":309,"column":0},"end":{"line":309,"column":18}},"309":{"start":{"line":310,"column":0},"end":{"line":310,"column":19}},"310":{"start":{"line":311,"column":0},"end":{"line":311,"column":15}},"312":{"start":{"line":313,"column":0},"end":{"line":313,"column":69}},"313":{"start":{"line":314,"column":0},"end":{"line":314,"column":19}},"314":{"start":{"line":315,"column":0},"end":{"line":315,"column":14}},"315":{"start":{"line":316,"column":0},"end":{"line":316,"column":41}},"316":{"start":{"line":317,"column":0},"end":{"line":317,"column":38}},"317":{"start":{"line":318,"column":0},"end":{"line":318,"column":6}},"318":{"start":{"line":319,"column":0},"end":{"line":319,"column":38}},"319":{"start":{"line":320,"column":0},"end":{"line":320,"column":5}},"320":{"start":{"line":321,"column":0},"end":{"line":321,"column":17}},"321":{"start":{"line":322,"column":0},"end":{"line":322,"column":37}},"322":{"start":{"line":323,"column":0},"end":{"line":323,"column":58}},"323":{"start":{"line":324,"column":0},"end":{"line":324,"column":3}},"324":{"start":{"line":325,"column":0},"end":{"line":325,"column":40}},"325":{"start":{"line":326,"column":0},"end":{"line":326,"column":1}},"327":{"start":{"line":328,"column":0},"end":{"line":328,"column":82}},"328":{"start":{"line":329,"column":0},"end":{"line":329,"column":60}},"329":{"start":{"line":330,"column":0},"end":{"line":330,"column":14}},"330":{"start":{"line":331,"column":0},"end":{"line":331,"column":38}},"331":{"start":{"line":332,"column":0},"end":{"line":332,"column":5}},"332":{"start":{"line":333,"column":0},"end":{"line":333,"column":5}},"333":{"start":{"line":334,"column":0},"end":{"line":334,"column":17}},"334":{"start":{"line":335,"column":0},"end":{"line":335,"column":37}},"335":{"start":{"line":336,"column":0},"end":{"line":336,"column":54}},"336":{"start":{"line":337,"column":0},"end":{"line":337,"column":3}},"337":{"start":{"line":338,"column":0},"end":{"line":338,"column":38}},"338":{"start":{"line":339,"column":0},"end":{"line":339,"column":1}},"340":{"start":{"line":341,"column":0},"end":{"line":341,"column":39}},"341":{"start":{"line":342,"column":0},"end":{"line":342,"column":15}},"342":{"start":{"line":343,"column":0},"end":{"line":343,"column":15}},"344":{"start":{"line":345,"column":0},"end":{"line":345,"column":67}},"345":{"start":{"line":346,"column":0},"end":{"line":346,"column":19}},"346":{"start":{"line":347,"column":0},"end":{"line":347,"column":14}},"347":{"start":{"line":348,"column":0},"end":{"line":348,"column":41}},"348":{"start":{"line":349,"column":0},"end":{"line":349,"column":38}},"349":{"start":{"line":350,"column":0},"end":{"line":350,"column":6}},"350":{"start":{"line":351,"column":0},"end":{"line":351,"column":34}},"351":{"start":{"line":352,"column":0},"end":{"line":352,"column":5}},"352":{"start":{"line":353,"column":0},"end":{"line":353,"column":17}},"353":{"start":{"line":354,"column":0},"end":{"line":354,"column":37}},"354":{"start":{"line":355,"column":0},"end":{"line":355,"column":61}},"355":{"start":{"line":356,"column":0},"end":{"line":356,"column":3}},"356":{"start":{"line":357,"column":0},"end":{"line":357,"column":57}},"357":{"start":{"line":358,"column":0},"end":{"line":358,"column":1}},"359":{"start":{"line":360,"column":0},"end":{"line":360,"column":84}},"360":{"start":{"line":361,"column":0},"end":{"line":361,"column":68}},"361":{"start":{"line":362,"column":0},"end":{"line":362,"column":19}},"362":{"start":{"line":363,"column":0},"end":{"line":363,"column":14}},"363":{"start":{"line":364,"column":0},"end":{"line":364,"column":38}},"364":{"start":{"line":365,"column":0},"end":{"line":365,"column":5}},"365":{"start":{"line":366,"column":0},"end":{"line":366,"column":5}},"366":{"start":{"line":367,"column":0},"end":{"line":367,"column":17}},"367":{"start":{"line":368,"column":0},"end":{"line":368,"column":37}},"368":{"start":{"line":369,"column":0},"end":{"line":369,"column":51}},"369":{"start":{"line":370,"column":0},"end":{"line":370,"column":3}},"370":{"start":{"line":371,"column":0},"end":{"line":371,"column":38}},"371":{"start":{"line":372,"column":0},"end":{"line":372,"column":1}}},"s":{"56":1,"57":1,"59":25,"60":25,"61":25,"63":1,"64":2,"65":2,"66":2,"68":2,"69":2,"70":2,"71":2,"72":2,"73":2,"74":2,"76":2,"77":0,"78":0,"80":2,"81":2,"83":1,"88":1,"89":1,"90":1,"91":1,"92":1,"93":1,"94":1,"95":1,"97":1,"98":0,"99":0,"100":0,"101":1,"103":1,"104":2,"105":2,"106":2,"107":2,"108":2,"109":2,"110":0,"111":0,"112":0,"113":0,"114":2,"115":2,"117":1,"118":1,"119":1,"120":1,"121":1,"122":1,"123":1,"124":1,"125":1,"126":1,"127":0,"128":0,"129":0,"130":1,"131":1,"133":1,"134":1,"135":1,"136":1,"137":1,"138":1,"139":1,"140":1,"141":0,"142":0,"143":0,"144":1,"146":1,"147":3,"148":3,"150":3,"151":3,"152":1,"153":1,"154":1,"155":2,"156":3,"157":3,"158":1,"159":1,"160":2,"161":2,"163":1,"164":1,"165":1,"166":1,"167":1,"168":1,"169":1,"170":1,"171":0,"172":0,"173":0,"174":1,"176":1,"177":1,"178":1,"179":1,"180":1,"181":1,"182":1,"183":1,"184":0,"185":0,"186":0,"187":1,"199":1,"200":1,"201":1,"203":1,"204":1,"205":1,"206":1,"207":1,"208":1,"209":1,"210":1,"211":1,"212":0,"213":0,"214":0,"215":1,"216":1,"218":1,"219":1,"220":1,"221":1,"222":1,"223":1,"224":1,"225":1,"226":0,"227":0,"228":0,"229":1,"231":1,"232":1,"233":1,"234":1,"235":1,"236":1,"237":1,"238":1,"239":0,"240":0,"241":0,"242":1,"244":1,"245":2,"246":2,"247":2,"248":2,"249":0,"250":0,"251":0,"252":2,"253":2,"255":1,"256":1,"257":1,"258":1,"259":1,"260":1,"261":1,"262":1,"263":0,"264":0,"265":0,"266":1,"268":1,"269":1,"270":1,"271":1,"272":1,"273":1,"274":1,"275":1,"276":0,"277":0,"278":0,"279":1,"281":1,"282":1,"283":1,"284":1,"285":1,"286":1,"287":1,"288":1,"289":0,"290":0,"291":0,"292":1,"294":1,"295":1,"296":1,"297":1,"298":1,"299":1,"300":1,"301":0,"302":0,"303":0,"304":1,"305":1,"307":1,"308":1,"309":1,"310":1,"312":1,"313":1,"314":1,"315":1,"316":1,"317":1,"318":1,"319":1,"320":1,"321":0,"322":0,"323":0,"324":1,"325":1,"327":1,"328":1,"329":1,"330":1,"331":1,"332":1,"333":1,"334":0,"335":0,"336":0,"337":1,"338":1,"340":1,"341":1,"342":1,"344":1,"345":1,"346":1,"347":1,"348":1,"349":1,"350":1,"351":1,"352":1,"353":0,"354":0,"355":0,"356":1,"357":1,"359":1,"360":1,"361":1,"362":1,"363":1,"364":1,"365":1,"366":1,"367":0,"368":0,"369":0,"370":1,"371":1},"branchMap":{"0":{"type":"branch","line":60,"loc":{"start":{"line":60,"column":0},"end":{"line":62,"column":1}},"locations":[{"start":{"line":60,"column":0},"end":{"line":62,"column":1}}]},"1":{"type":"branch","line":64,"loc":{"start":{"line":64,"column":7},"end":{"line":82,"column":1}},"locations":[{"start":{"line":64,"column":7},"end":{"line":82,"column":1}}]},"2":{"type":"branch","line":77,"loc":{"start":{"line":77,"column":16},"end":{"line":79,"column":3}},"locations":[{"start":{"line":77,"column":16},"end":{"line":79,"column":3}}]},"3":{"type":"branch","line":84,"loc":{"start":{"line":84,"column":7},"end":{"line":102,"column":1}},"locations":[{"start":{"line":84,"column":7},"end":{"line":102,"column":1}}]},"4":{"type":"branch","line":98,"loc":{"start":{"line":98,"column":16},"end":{"line":101,"column":3}},"locations":[{"start":{"line":98,"column":16},"end":{"line":101,"column":3}}]},"5":{"type":"branch","line":104,"loc":{"start":{"line":104,"column":7},"end":{"line":116,"column":1}},"locations":[{"start":{"line":104,"column":7},"end":{"line":116,"column":1}}]},"6":{"type":"branch","line":110,"loc":{"start":{"line":110,"column":16},"end":{"line":114,"column":3}},"locations":[{"start":{"line":110,"column":16},"end":{"line":114,"column":3}}]},"7":{"type":"branch","line":118,"loc":{"start":{"line":118,"column":7},"end":{"line":132,"column":1}},"locations":[{"start":{"line":118,"column":7},"end":{"line":132,"column":1}}]},"8":{"type":"branch","line":127,"loc":{"start":{"line":127,"column":16},"end":{"line":130,"column":3}},"locations":[{"start":{"line":127,"column":16},"end":{"line":130,"column":3}}]},"9":{"type":"branch","line":134,"loc":{"start":{"line":134,"column":7},"end":{"line":145,"column":1}},"locations":[{"start":{"line":134,"column":7},"end":{"line":145,"column":1}}]},"10":{"type":"branch","line":141,"loc":{"start":{"line":141,"column":16},"end":{"line":144,"column":3}},"locations":[{"start":{"line":141,"column":16},"end":{"line":144,"column":3}}]},"11":{"type":"branch","line":147,"loc":{"start":{"line":147,"column":7},"end":{"line":162,"column":1}},"locations":[{"start":{"line":147,"column":7},"end":{"line":162,"column":1}}]},"12":{"type":"branch","line":152,"loc":{"start":{"line":152,"column":13},"end":{"line":155,"column":9}},"locations":[{"start":{"line":152,"column":13},"end":{"line":155,"column":9}}]},"13":{"type":"branch","line":155,"loc":{"start":{"line":155,"column":8},"end":{"line":156,"column":17}},"locations":[{"start":{"line":155,"column":8},"end":{"line":156,"column":17}}]},"14":{"type":"branch","line":158,"loc":{"start":{"line":158,"column":16},"end":{"line":162,"column":1}},"locations":[{"start":{"line":158,"column":16},"end":{"line":162,"column":1}}]},"15":{"type":"branch","line":158,"loc":{"start":{"line":158,"column":16},"end":{"line":160,"column":3}},"locations":[{"start":{"line":158,"column":16},"end":{"line":160,"column":3}}]},"16":{"type":"branch","line":164,"loc":{"start":{"line":164,"column":7},"end":{"line":175,"column":1}},"locations":[{"start":{"line":164,"column":7},"end":{"line":175,"column":1}}]},"17":{"type":"branch","line":171,"loc":{"start":{"line":171,"column":16},"end":{"line":174,"column":3}},"locations":[{"start":{"line":171,"column":16},"end":{"line":174,"column":3}}]},"18":{"type":"branch","line":177,"loc":{"start":{"line":177,"column":7},"end":{"line":188,"column":1}},"locations":[{"start":{"line":177,"column":7},"end":{"line":188,"column":1}}]},"19":{"type":"branch","line":184,"loc":{"start":{"line":184,"column":16},"end":{"line":187,"column":3}},"locations":[{"start":{"line":184,"column":16},"end":{"line":187,"column":3}}]},"20":{"type":"branch","line":200,"loc":{"start":{"line":200,"column":7},"end":{"line":217,"column":1}},"locations":[{"start":{"line":200,"column":7},"end":{"line":217,"column":1}}]},"21":{"type":"branch","line":212,"loc":{"start":{"line":212,"column":16},"end":{"line":215,"column":3}},"locations":[{"start":{"line":212,"column":16},"end":{"line":215,"column":3}}]},"22":{"type":"branch","line":219,"loc":{"start":{"line":219,"column":7},"end":{"line":230,"column":1}},"locations":[{"start":{"line":219,"column":7},"end":{"line":230,"column":1}}]},"23":{"type":"branch","line":226,"loc":{"start":{"line":226,"column":16},"end":{"line":229,"column":3}},"locations":[{"start":{"line":226,"column":16},"end":{"line":229,"column":3}}]},"24":{"type":"branch","line":232,"loc":{"start":{"line":232,"column":7},"end":{"line":243,"column":1}},"locations":[{"start":{"line":232,"column":7},"end":{"line":243,"column":1}}]},"25":{"type":"branch","line":239,"loc":{"start":{"line":239,"column":16},"end":{"line":242,"column":3}},"locations":[{"start":{"line":239,"column":16},"end":{"line":242,"column":3}}]},"26":{"type":"branch","line":245,"loc":{"start":{"line":245,"column":7},"end":{"line":254,"column":1}},"locations":[{"start":{"line":245,"column":7},"end":{"line":254,"column":1}}]},"27":{"type":"branch","line":249,"loc":{"start":{"line":249,"column":16},"end":{"line":252,"column":3}},"locations":[{"start":{"line":249,"column":16},"end":{"line":252,"column":3}}]},"28":{"type":"branch","line":256,"loc":{"start":{"line":256,"column":7},"end":{"line":267,"column":1}},"locations":[{"start":{"line":256,"column":7},"end":{"line":267,"column":1}}]},"29":{"type":"branch","line":263,"loc":{"start":{"line":263,"column":16},"end":{"line":266,"column":3}},"locations":[{"start":{"line":263,"column":16},"end":{"line":266,"column":3}}]},"30":{"type":"branch","line":269,"loc":{"start":{"line":269,"column":7},"end":{"line":280,"column":1}},"locations":[{"start":{"line":269,"column":7},"end":{"line":280,"column":1}}]},"31":{"type":"branch","line":276,"loc":{"start":{"line":276,"column":16},"end":{"line":279,"column":3}},"locations":[{"start":{"line":276,"column":16},"end":{"line":279,"column":3}}]},"32":{"type":"branch","line":282,"loc":{"start":{"line":282,"column":7},"end":{"line":293,"column":1}},"locations":[{"start":{"line":282,"column":7},"end":{"line":293,"column":1}}]},"33":{"type":"branch","line":289,"loc":{"start":{"line":289,"column":16},"end":{"line":292,"column":3}},"locations":[{"start":{"line":289,"column":16},"end":{"line":292,"column":3}}]},"34":{"type":"branch","line":295,"loc":{"start":{"line":295,"column":7},"end":{"line":306,"column":1}},"locations":[{"start":{"line":295,"column":7},"end":{"line":306,"column":1}}]},"35":{"type":"branch","line":301,"loc":{"start":{"line":301,"column":16},"end":{"line":304,"column":3}},"locations":[{"start":{"line":301,"column":16},"end":{"line":304,"column":3}}]},"36":{"type":"branch","line":308,"loc":{"start":{"line":308,"column":7},"end":{"line":326,"column":1}},"locations":[{"start":{"line":308,"column":7},"end":{"line":326,"column":1}}]},"37":{"type":"branch","line":321,"loc":{"start":{"line":321,"column":16},"end":{"line":324,"column":3}},"locations":[{"start":{"line":321,"column":16},"end":{"line":324,"column":3}}]},"38":{"type":"branch","line":328,"loc":{"start":{"line":328,"column":7},"end":{"line":339,"column":1}},"locations":[{"start":{"line":328,"column":7},"end":{"line":339,"column":1}}]},"39":{"type":"branch","line":334,"loc":{"start":{"line":334,"column":16},"end":{"line":337,"column":3}},"locations":[{"start":{"line":334,"column":16},"end":{"line":337,"column":3}}]},"40":{"type":"branch","line":341,"loc":{"start":{"line":341,"column":7},"end":{"line":358,"column":1}},"locations":[{"start":{"line":341,"column":7},"end":{"line":358,"column":1}}]},"41":{"type":"branch","line":353,"loc":{"start":{"line":353,"column":16},"end":{"line":356,"column":3}},"locations":[{"start":{"line":353,"column":16},"end":{"line":356,"column":3}}]},"42":{"type":"branch","line":360,"loc":{"start":{"line":360,"column":7},"end":{"line":372,"column":1}},"locations":[{"start":{"line":360,"column":7},"end":{"line":372,"column":1}}]},"43":{"type":"branch","line":367,"loc":{"start":{"line":367,"column":16},"end":{"line":370,"column":3}},"locations":[{"start":{"line":367,"column":16},"end":{"line":370,"column":3}}]}},"b":{"0":[25],"1":[2],"2":[0],"3":[1],"4":[0],"5":[2],"6":[0],"7":[1],"8":[0],"9":[1],"10":[0],"11":[3],"12":[1],"13":[2],"14":[2],"15":[1],"16":[1],"17":[0],"18":[1],"19":[0],"20":[1],"21":[0],"22":[1],"23":[0],"24":[1],"25":[0],"26":[2],"27":[0],"28":[1],"29":[0],"30":[1],"31":[0],"32":[1],"33":[0],"34":[1],"35":[0],"36":[1],"37":[0],"38":[1],"39":[0],"40":[1],"41":[0],"42":[1],"43":[0]},"fnMap":{"0":{"name":"withBase","decl":{"start":{"line":60,"column":0},"end":{"line":62,"column":1}},"loc":{"start":{"line":60,"column":0},"end":{"line":62,"column":1}},"line":60},"1":{"name":"loginRequest","decl":{"start":{"line":64,"column":7},"end":{"line":82,"column":1}},"loc":{"start":{"line":64,"column":7},"end":{"line":82,"column":1}},"line":64},"2":{"name":"registerRequest","decl":{"start":{"line":84,"column":7},"end":{"line":102,"column":1}},"loc":{"start":{"line":84,"column":7},"end":{"line":102,"column":1}},"line":84},"3":{"name":"fetchFeed","decl":{"start":{"line":104,"column":7},"end":{"line":116,"column":1}},"loc":{"start":{"line":104,"column":7},"end":{"line":116,"column":1}},"line":104},"4":{"name":"createTweet","decl":{"start":{"line":118,"column":7},"end":{"line":132,"column":1}},"loc":{"start":{"line":118,"column":7},"end":{"line":132,"column":1}},"line":118},"5":{"name":"deleteTweet","decl":{"start":{"line":134,"column":7},"end":{"line":145,"column":1}},"loc":{"start":{"line":134,"column":7},"end":{"line":145,"column":1}},"line":134},"6":{"name":"fetchProfile","decl":{"start":{"line":147,"column":7},"end":{"line":162,"column":1}},"loc":{"start":{"line":147,"column":7},"end":{"line":162,"column":1}},"line":147},"7":{"name":"followUser","decl":{"start":{"line":164,"column":7},"end":{"line":175,"column":1}},"loc":{"start":{"line":164,"column":7},"end":{"line":175,"column":1}},"line":164},"8":{"name":"unfollowUser","decl":{"start":{"line":177,"column":7},"end":{"line":188,"column":1}},"loc":{"start":{"line":177,"column":7},"end":{"line":188,"column":1}},"line":177},"9":{"name":"updateMyProfile","decl":{"start":{"line":200,"column":7},"end":{"line":217,"column":1}},"loc":{"start":{"line":200,"column":7},"end":{"line":217,"column":1}},"line":200},"10":{"name":"blockUser","decl":{"start":{"line":219,"column":7},"end":{"line":230,"column":1}},"loc":{"start":{"line":219,"column":7},"end":{"line":230,"column":1}},"line":219},"11":{"name":"unblockUser","decl":{"start":{"line":232,"column":7},"end":{"line":243,"column":1}},"loc":{"start":{"line":232,"column":7},"end":{"line":243,"column":1}},"line":232},"12":{"name":"searchUsers","decl":{"start":{"line":245,"column":7},"end":{"line":254,"column":1}},"loc":{"start":{"line":245,"column":7},"end":{"line":254,"column":1}},"line":245},"13":{"name":"likeTweet","decl":{"start":{"line":256,"column":7},"end":{"line":267,"column":1}},"loc":{"start":{"line":256,"column":7},"end":{"line":267,"column":1}},"line":256},"14":{"name":"unlikeTweet","decl":{"start":{"line":269,"column":7},"end":{"line":280,"column":1}},"loc":{"start":{"line":269,"column":7},"end":{"line":280,"column":1}},"line":269},"15":{"name":"unretweetTweet","decl":{"start":{"line":282,"column":7},"end":{"line":293,"column":1}},"loc":{"start":{"line":282,"column":7},"end":{"line":293,"column":1}},"line":282},"16":{"name":"listComments","decl":{"start":{"line":295,"column":7},"end":{"line":306,"column":1}},"loc":{"start":{"line":295,"column":7},"end":{"line":306,"column":1}},"line":295},"17":{"name":"createComment","decl":{"start":{"line":308,"column":7},"end":{"line":326,"column":1}},"loc":{"start":{"line":308,"column":7},"end":{"line":326,"column":1}},"line":308},"18":{"name":"fetchTweet","decl":{"start":{"line":328,"column":7},"end":{"line":339,"column":1}},"loc":{"start":{"line":328,"column":7},"end":{"line":339,"column":1}},"line":328},"19":{"name":"previewSentiment","decl":{"start":{"line":341,"column":7},"end":{"line":358,"column":1}},"loc":{"start":{"line":341,"column":7},"end":{"line":358,"column":1}},"line":341},"20":{"name":"retweetTweet","decl":{"start":{"line":360,"column":7},"end":{"line":372,"column":1}},"loc":{"start":{"line":360,"column":7},"end":{"line":372,"column":1}},"line":360}},"f":{"0":25,"1":2,"2":1,"3":2,"4":1,"5":1,"6":3,"7":1,"8":1,"9":1,"10":1,"11":1,"12":2,"13":1,"14":1,"15":1,"16":1,"17":1,"18":1,"19":1,"20":1}}
,"C:\\Users\\joons\\Documents\\CS 196-2\\project-repository-jskpaul\\frontend\\src\\auth\\AuthContext.tsx": {"path":"C:\\Users\\joons\\Documents\\CS 196-2\\project-repository-jskpaul\\frontend\\src\\auth\\AuthContext.tsx","all":false,"statementMap":{"0":{"start":{"line":1,"column":0},"end":{"line":1,"column":8}},"23":{"start":{"line":24,"column":0},"end":{"line":24,"column":75}},"31":{"start":{"line":32,"column":0},"end":{"line":32,"column":42}},"32":{"start":{"line":33,"column":0},"end":{"line":33,"column":36}},"34":{"start":{"line":35,"column":0},"end":{"line":35,"column":44}},"35":{"start":{"line":36,"column":0},"end":{"line":36,"column":38}},"36":{"start":{"line":37,"column":0},"end":{"line":37,"column":16}},"37":{"start":{"line":38,"column":0},"end":{"line":38,"column":3}},"38":{"start":{"line":39,"column":0},"end":{"line":39,"column":55}},"39":{"start":{"line":40,"column":0},"end":{"line":40,"column":24}},"40":{"start":{"line":41,"column":0},"end":{"line":41,"column":7}},"41":{"start":{"line":42,"column":0},"end":{"line":42,"column":47}},"42":{"start":{"line":43,"column":0},"end":{"line":43,"column":92}},"43":{"start":{"line":44,"column":0},"end":{"line":44,"column":20}},"44":{"start":{"line":45,"column":0},"end":{"line":45,"column":5}},"45":{"start":{"line":46,"column":0},"end":{"line":46,"column":11}},"46":{"start":{"line":47,"column":0},"end":{"line":47,"column":13}},"47":{"start":{"line":48,"column":0},"end":{"line":48,"column":3}},"48":{"start":{"line":49,"column":0},"end":{"line":49,"column":46}},"49":{"start":{"line":50,"column":0},"end":{"line":50,"column":14}},"50":{"start":{"line":51,"column":0},"end":{"line":51,"column":1}},"52":{"start":{"line":53,"column":0},"end":{"line":53,"column":105}},"53":{"start":{"line":54,"column":0},"end":{"line":54,"column":76}},"54":{"start":{"line":55,"column":0},"end":{"line":55,"column":51}},"56":{"start":{"line":57,"column":0},"end":{"line":57,"column":28}},"57":{"start":{"line":58,"column":0},"end":{"line":58,"column":40}},"58":{"start":{"line":59,"column":0},"end":{"line":59,"column":48}},"59":{"start":{"line":60,"column":0},"end":{"line":60,"column":34}},"60":{"start":{"line":61,"column":0},"end":{"line":61,"column":5}},"61":{"start":{"line":62,"column":0},"end":{"line":62,"column":4}},"63":{"start":{"line":64,"column":0},"end":{"line":64,"column":45}},"64":{"start":{"line":65,"column":0},"end":{"line":65,"column":17}},"65":{"start":{"line":66,"column":0},"end":{"line":66,"column":22}},"66":{"start":{"line":67,"column":0},"end":{"line":67,"column":52}},"67":{"start":{"line":68,"column":0},"end":{"line":68,"column":20}},"68":{"start":{"line":69,"column":0},"end":{"line":69,"column":50}},"69":{"start":{"line":70,"column":0},"end":{"line":70,"column":28}},"70":{"start":{"line":71,"column":0},"end":{"line":71,"column":34}},"72":{"start":{"line":73,"column":0},"end":{"line":73,"column":53}},"73":{"start":{"line":74,"column":0},"end":{"line":74,"column":22}},"74":{"start":{"line":75,"column":0},"end":{"line":75,"column":71}},"75":{"start":{"line":76,"column":0},"end":{"line":76,"column":9}},"77":{"start":{"line":78,"column":0},"end":{"line":78,"column":36}},"78":{"start":{"line":79,"column":0},"end":{"line":79,"column":18}},"79":{"start":{"line":80,"column":0},"end":{"line":80,"column":48}},"80":{"start":{"line":81,"column":0},"end":{"line":81,"column":9}},"82":{"start":{"line":83,"column":0},"end":{"line":83,"column":19}},"83":{"start":{"line":84,"column":0},"end":{"line":84,"column":16}},"84":{"start":{"line":85,"column":0},"end":{"line":85,"column":19}},"85":{"start":{"line":86,"column":0},"end":{"line":86,"column":13}},"86":{"start":{"line":87,"column":0},"end":{"line":87,"column":5}},"88":{"start":{"line":89,"column":0},"end":{"line":89,"column":22}},"90":{"start":{"line":91,"column":0},"end":{"line":91,"column":42}},"92":{"start":{"line":93,"column":0},"end":{"line":93,"column":48}},"93":{"start":{"line":94,"column":0},"end":{"line":94,"column":46}},"94":{"start":{"line":95,"column":0},"end":{"line":95,"column":44}},"95":{"start":{"line":96,"column":0},"end":{"line":96,"column":45}},"97":{"start":{"line":98,"column":0},"end":{"line":98,"column":18}},"98":{"start":{"line":99,"column":0},"end":{"line":99,"column":53}},"99":{"start":{"line":100,"column":0},"end":{"line":100,"column":51}},"100":{"start":{"line":101,"column":0},"end":{"line":101,"column":49}},"101":{"start":{"line":102,"column":0},"end":{"line":102,"column":50}},"102":{"start":{"line":103,"column":0},"end":{"line":103,"column":19}},"103":{"start":{"line":104,"column":0},"end":{"line":104,"column":6}},"104":{"start":{"line":105,"column":0},"end":{"line":105,"column":30}},"106":{"start":{"line":107,"column":0},"end":{"line":107,"column":42}},"107":{"start":{"line":108,"column":0},"end":{"line":108,"column":12}},"108":{"start":{"line":109,"column":0},"end":{"line":109,"column":11}},"109":{"start":{"line":110,"column":0},"end":{"line":110,"column":37}},"110":{"start":{"line":111,"column":0},"end":{"line":111,"column":12}},"111":{"start":{"line":112,"column":0},"end":{"line":112,"column":12}},"112":{"start":{"line":113,"column":0},"end":{"line":113,"column":7}},"113":{"start":{"line":114,"column":0},"end":{"line":114,"column":25}},"116":{"start":{"line":117,"column":0},"end":{"line":117,"column":79}},"117":{"start":{"line":118,"column":0},"end":{"line":118,"column":1}},"119":{"start":{"line":120,"column":0},"end":{"line":120,"column":45}},"120":{"start":{"line":121,"column":0},"end":{"line":121,"column":38}},"121":{"start":{"line":122,"column":0},"end":{"line":122,"column":13}},"122":{"start":{"line":123,"column":0},"end":{"line":123,"column":67}},"123":{"start":{"line":124,"column":0},"end":{"line":124,"column":3}},"124":{"start":{"line":125,"column":0},"end":{"line":125,"column":13}},"125":{"start":{"line":126,"column":0},"end":{"line":126,"column":1}}},"s":{"0":1,"23":1,"31":1,"32":1,"34":15,"35":15,"36":0,"37":0,"38":15,"39":15,"40":1,"41":1,"42":15,"43":1,"44":1,"45":15,"46":0,"47":0,"48":0,"49":0,"50":0,"52":1,"53":16,"54":16,"56":16,"57":18,"58":2,"59":2,"60":2,"61":18,"63":16,"64":2,"65":2,"66":2,"67":0,"68":0,"69":2,"70":16,"72":16,"73":1,"74":1,"75":16,"77":16,"78":0,"79":0,"80":16,"82":16,"83":16,"84":14,"85":14,"86":14,"88":2,"90":2,"92":2,"93":2,"94":2,"95":2,"97":2,"98":2,"99":2,"100":2,"101":2,"102":2,"103":2,"104":16,"106":16,"107":16,"108":16,"109":16,"110":16,"111":16,"112":16,"113":16,"116":16,"117":16,"119":1,"120":55,"121":55,"122":0,"123":0,"124":55,"125":55},"branchMap":{"0":{"type":"branch","line":35,"loc":{"start":{"line":35,"column":0},"end":{"line":51,"column":1}},"locations":[{"start":{"line":35,"column":0},"end":{"line":51,"column":1}}]},"1":{"type":"branch","line":36,"loc":{"start":{"line":36,"column":37},"end":{"line":38,"column":3}},"locations":[{"start":{"line":36,"column":37},"end":{"line":38,"column":3}}]},"2":{"type":"branch","line":40,"loc":{"start":{"line":40,"column":12},"end":{"line":40,"column":24}},"locations":[{"start":{"line":40,"column":12},"end":{"line":40,"column":24}}]},"3":{"type":"branch","line":40,"loc":{"start":{"line":40,"column":19},"end":{"line":43,"column":57}},"locations":[{"start":{"line":40,"column":19},"end":{"line":43,"column":57}}]},"4":{"type":"branch","line":43,"loc":{"start":{"line":43,"column":45},"end":{"line":43,"column":91}},"locations":[{"start":{"line":43,"column":45},"end":{"line":43,"column":91}}]},"5":{"type":"branch","line":43,"loc":{"start":{"line":43,"column":91},"end":{"line":45,"column":5}},"locations":[{"start":{"line":43,"column":91},"end":{"line":45,"column":5}}]},"6":{"type":"branch","line":46,"loc":{"start":{"line":46,"column":4},"end":{"line":51,"column":1}},"locations":[{"start":{"line":46,"column":4},"end":{"line":51,"column":1}}]},"7":{"type":"branch","line":53,"loc":{"start":{"line":53,"column":7},"end":{"line":118,"column":1}},"locations":[{"start":{"line":53,"column":7},"end":{"line":118,"column":1}}]},"8":{"type":"branch","line":54,"loc":{"start":{"line":54,"column":52},"end":{"line":54,"column":76}},"locations":[{"start":{"line":54,"column":52},"end":{"line":54,"column":76}}]},"9":{"type":"branch","line":57,"loc":{"start":{"line":57,"column":21},"end":{"line":62,"column":4}},"locations":[{"start":{"line":57,"column":21},"end":{"line":62,"column":4}}]},"10":{"type":"branch","line":58,"loc":{"start":{"line":58,"column":39},"end":{"line":61,"column":5}},"locations":[{"start":{"line":58,"column":39},"end":{"line":61,"column":5}}]},"11":{"type":"branch","line":64,"loc":{"start":{"line":64,"column":38},"end":{"line":71,"column":5}},"locations":[{"start":{"line":64,"column":38},"end":{"line":71,"column":5}}]},"12":{"type":"branch","line":66,"loc":{"start":{"line":66,"column":15},"end":{"line":66,"column":22}},"locations":[{"start":{"line":66,"column":15},"end":{"line":66,"column":22}}]},"13":{"type":"branch","line":73,"loc":{"start":{"line":73,"column":28},"end":{"line":76,"column":5}},"locations":[{"start":{"line":73,"column":28},"end":{"line":76,"column":5}}]},"14":{"type":"branch","line":83,"loc":{"start":{"line":83,"column":12},"end":{"line":105,"column":5}},"locations":[{"start":{"line":83,"column":12},"end":{"line":105,"column":5}}]},"15":{"type":"branch","line":84,"loc":{"start":{"line":84,"column":15},"end":{"line":105,"column":5}},"locations":[{"start":{"line":84,"column":15},"end":{"line":105,"column":5}}]},"16":{"type":"branch","line":84,"loc":{"start":{"line":84,"column":15},"end":{"line":87,"column":5}},"locations":[{"start":{"line":84,"column":15},"end":{"line":87,"column":5}}]},"17":{"type":"branch","line":87,"loc":{"start":{"line":87,"column":4},"end":{"line":105,"column":5}},"locations":[{"start":{"line":87,"column":4},"end":{"line":105,"column":5}}]},"18":{"type":"branch","line":98,"loc":{"start":{"line":98,"column":11},"end":{"line":104,"column":6}},"locations":[{"start":{"line":98,"column":11},"end":{"line":104,"column":6}}]},"19":{"type":"branch","line":108,"loc":{"start":{"line":108,"column":4},"end":{"line":113,"column":7}},"locations":[{"start":{"line":108,"column":4},"end":{"line":113,"column":7}}]},"20":{"type":"branch","line":120,"loc":{"start":{"line":120,"column":7},"end":{"line":126,"column":1}},"locations":[{"start":{"line":120,"column":7},"end":{"line":126,"column":1}}]},"21":{"type":"branch","line":122,"loc":{"start":{"line":122,"column":12},"end":{"line":124,"column":3}},"locations":[{"start":{"line":122,"column":12},"end":{"line":124,"column":3}}]}},"b":{"0":[15],"1":[0],"2":[14],"3":[1],"4":[1],"5":[1],"6":[0],"7":[16],"8":[15],"9":[18],"10":[2],"11":[2],"12":[0],"13":[1],"14":[16],"15":[15],"16":[14],"17":[2],"18":[2],"19":[16],"20":[55],"21":[0]},"fnMap":{"0":{"name":"readStoredUser","decl":{"start":{"line":35,"column":0},"end":{"line":51,"column":1}},"loc":{"start":{"line":35,"column":0},"end":{"line":51,"column":1}},"line":35},"1":{"name":"AuthProvider","decl":{"start":{"line":53,"column":7},"end":{"line":118,"column":1}},"loc":{"start":{"line":53,"column":7},"end":{"line":118,"column":1}},"line":53},"2":{"name":"clearTimer","decl":{"start":{"line":57,"column":21},"end":{"line":62,"column":4}},"loc":{"start":{"line":57,"column":21},"end":{"line":62,"column":4}},"line":57},"3":{"name":"reset","decl":{"start":{"line":91,"column":18},"end":{"line":91,"column":42}},"loc":{"start":{"line":91,"column":18},"end":{"line":91,"column":42}},"line":91},"4":{"name":"useAuth","decl":{"start":{"line":120,"column":7},"end":{"line":126,"column":1}},"loc":{"start":{"line":120,"column":7},"end":{"line":126,"column":1}},"line":120}},"f":{"0":15,"1":16,"2":18,"3":0,"4":55}}
,"C:\\Users\\joons\\Documents\\CS 196-2\\project-repository-jskpaul\\frontend\\src\\auth\\RequireAuth.tsx": {"path":"C:\\Users\\joons\\Documents\\CS 196-2\\project-repository-jskpaul\\frontend\\src\\auth\\RequireAuth.tsx","all":false,"statementMap":{"0":{"start":{"line":1,"column":0},"end":{"line":1,"column":57}},"8":{"start":{"line":9,"column":0},"end":{"line":9,"column":61}},"9":{"start":{"line":10,"column":0},"end":{"line":10,"column":40}},"10":{"start":{"line":11,"column":0},"end":{"line":11,"column":33}},"12":{"start":{"line":13,"column":0},"end":{"line":13,"column":25}},"13":{"start":{"line":14,"column":0},"end":{"line":14,"column":71}},"14":{"start":{"line":15,"column":0},"end":{"line":15,"column":3}},"16":{"start":{"line":17,"column":0},"end":{"line":17,"column":25}},"17":{"start":{"line":18,"column":0},"end":{"line":18,"column":1}}},"s":{"0":1,"8":1,"9":2,"10":2,"12":2,"13":1,"14":1,"16":1,"17":1},"branchMap":{"0":{"type":"branch","line":9,"loc":{"start":{"line":9,"column":7},"end":{"line":18,"column":1}},"locations":[{"start":{"line":9,"column":7},"end":{"line":18,"column":1}}]},"1":{"type":"branch","line":13,"loc":{"start":{"line":13,"column":24},"end":{"line":18,"column":1}},"locations":[{"start":{"line":13,"column":24},"end":{"line":18,"column":1}}]}},"b":{"0":[2],"1":[1]},"fnMap":{"0":{"name":"RequireAuth","decl":{"start":{"line":9,"column":7},"end":{"line":18,"column":1}},"loc":{"start":{"line":9,"column":7},"end":{"line":18,"column":1}},"line":9}},"f":{"0":2}}
,"C:\\Users\\joons\\Documents\\CS 196-2\\project-repository-jskpaul\\frontend\\src\\components\\Layout.tsx": {"path":"C:\\Users\\joons\\Documents\\CS 196-2\\project-repository-jskpaul\\frontend\\src\\components\\Layout.tsx","all":false,"statementMap":{"0":{"start":{"line":1,"column":0},"end":{"line":1,"column":62}},"9":{"start":{"line":10,"column":0},"end":{"line":10,"column":22}},"10":{"start":{"line":11,"column":0},"end":{"line":11,"column":108}},"14":{"start":{"line":15,"column":0},"end":{"line":15,"column":43}},"16":{"start":{"line":17,"column":0},"end":{"line":17,"column":35}},"17":{"start":{"line":18,"column":0},"end":{"line":18,"column":38}},"18":{"start":{"line":19,"column":0},"end":{"line":19,"column":18}},"19":{"start":{"line":20,"column":0},"end":{"line":20,"column":3}},"20":{"start":{"line":21,"column":0},"end":{"line":21,"column":80}},"21":{"start":{"line":22,"column":0},"end":{"line":22,"column":48}},"22":{"start":{"line":23,"column":0},"end":{"line":23,"column":18}},"23":{"start":{"line":24,"column":0},"end":{"line":24,"column":3}},"24":{"start":{"line":25,"column":0},"end":{"line":25,"column":82}},"25":{"start":{"line":26,"column":0},"end":{"line":26,"column":40}},"26":{"start":{"line":27,"column":0},"end":{"line":27,"column":1}},"28":{"start":{"line":29,"column":0},"end":{"line":29,"column":51}},"29":{"start":{"line":30,"column":0},"end":{"line":30,"column":69}},"30":{"start":{"line":31,"column":0},"end":{"line":31,"column":55}},"31":{"start":{"line":32,"column":0},"end":{"line":32,"column":64}},"32":{"start":{"line":33,"column":0},"end":{"line":33,"column":61}},"33":{"start":{"line":34,"column":0},"end":{"line":34,"column":54}},"34":{"start":{"line":35,"column":0},"end":{"line":35,"column":33}},"36":{"start":{"line":37,"column":0},"end":{"line":37,"column":19}},"37":{"start":{"line":38,"column":0},"end":{"line":38,"column":58}},"38":{"start":{"line":39,"column":0},"end":{"line":39,"column":14}},"40":{"start":{"line":41,"column":0},"end":{"line":41,"column":19}},"41":{"start":{"line":42,"column":0},"end":{"line":42,"column":33}},"42":{"start":{"line":43,"column":0},"end":{"line":43,"column":55}},"43":{"start":{"line":44,"column":0},"end":{"line":44,"column":10}},"44":{"start":{"line":45,"column":0},"end":{"line":45,"column":33}},"45":{"start":{"line":46,"column":0},"end":{"line":46,"column":39}},"46":{"start":{"line":47,"column":0},"end":{"line":47,"column":54}},"47":{"start":{"line":48,"column":0},"end":{"line":48,"column":9}},"48":{"start":{"line":49,"column":0},"end":{"line":49,"column":34}},"49":{"start":{"line":50,"column":0},"end":{"line":50,"column":7}},"50":{"start":{"line":51,"column":0},"end":{"line":51,"column":6}},"51":{"start":{"line":52,"column":0},"end":{"line":52,"column":63}},"52":{"start":{"line":53,"column":0},"end":{"line":53,"column":18}},"53":{"start":{"line":54,"column":0},"end":{"line":54,"column":68}},"54":{"start":{"line":55,"column":0},"end":{"line":55,"column":6}},"55":{"start":{"line":56,"column":0},"end":{"line":56,"column":24}},"57":{"start":{"line":58,"column":0},"end":{"line":58,"column":29}},"58":{"start":{"line":59,"column":0},"end":{"line":59,"column":61}},"59":{"start":{"line":60,"column":0},"end":{"line":60,"column":4}},"61":{"start":{"line":62,"column":0},"end":{"line":62,"column":30}},"62":{"start":{"line":63,"column":0},"end":{"line":63,"column":13}},"63":{"start":{"line":64,"column":0},"end":{"line":64,"column":42}},"64":{"start":{"line":65,"column":0},"end":{"line":65,"column":30}},"65":{"start":{"line":66,"column":0},"end":{"line":66,"column":4}},"67":{"start":{"line":68,"column":0},"end":{"line":68,"column":82}},"68":{"start":{"line":69,"column":0},"end":{"line":69,"column":27}},"69":{"start":{"line":70,"column":0},"end":{"line":70,"column":40}},"70":{"start":{"line":71,"column":0},"end":{"line":71,"column":25}},"71":{"start":{"line":72,"column":0},"end":{"line":72,"column":72}},"72":{"start":{"line":73,"column":0},"end":{"line":73,"column":24}},"73":{"start":{"line":74,"column":0},"end":{"line":74,"column":56}},"74":{"start":{"line":75,"column":0},"end":{"line":75,"column":4}},"76":{"start":{"line":77,"column":0},"end":{"line":77,"column":10}},"77":{"start":{"line":78,"column":0},"end":{"line":78,"column":52}},"78":{"start":{"line":79,"column":0},"end":{"line":79,"column":108}},"79":{"start":{"line":80,"column":0},"end":{"line":80,"column":126}},"80":{"start":{"line":81,"column":0},"end":{"line":81,"column":93}},"81":{"start":{"line":82,"column":0},"end":{"line":82,"column":63}},"82":{"start":{"line":83,"column":0},"end":{"line":83,"column":66}},"84":{"start":{"line":85,"column":0},"end":{"line":85,"column":53}},"85":{"start":{"line":86,"column":0},"end":{"line":86,"column":43}},"86":{"start":{"line":87,"column":0},"end":{"line":87,"column":94}},"87":{"start":{"line":88,"column":0},"end":{"line":88,"column":86}},"90":{"start":{"line":91,"column":0},"end":{"line":91,"column":55}},"91":{"start":{"line":92,"column":0},"end":{"line":92,"column":38}},"92":{"start":{"line":93,"column":0},"end":{"line":93,"column":66}},"97":{"start":{"line":98,"column":0},"end":{"line":98,"column":35}},"98":{"start":{"line":99,"column":0},"end":{"line":99,"column":21}},"99":{"start":{"line":100,"column":0},"end":{"line":100,"column":47}},"100":{"start":{"line":101,"column":0},"end":{"line":101,"column":71}},"101":{"start":{"line":102,"column":0},"end":{"line":102,"column":53}},"103":{"start":{"line":104,"column":0},"end":{"line":104,"column":79}},"104":{"start":{"line":105,"column":0},"end":{"line":105,"column":24}},"105":{"start":{"line":106,"column":0},"end":{"line":106,"column":40}},"106":{"start":{"line":107,"column":0},"end":{"line":107,"column":69}},"107":{"start":{"line":108,"column":0},"end":{"line":108,"column":40}},"108":{"start":{"line":109,"column":0},"end":{"line":109,"column":221}},"112":{"start":{"line":113,"column":0},"end":{"line":113,"column":21}},"113":{"start":{"line":114,"column":0},"end":{"line":114,"column":29}},"114":{"start":{"line":115,"column":0},"end":{"line":115,"column":37}},"115":{"start":{"line":116,"column":0},"end":{"line":116,"column":177}},"116":{"start":{"line":117,"column":0},"end":{"line":117,"column":51}},"118":{"start":{"line":119,"column":0},"end":{"line":119,"column":46}},"120":{"start":{"line":121,"column":0},"end":{"line":121,"column":43}},"121":{"start":{"line":122,"column":0},"end":{"line":122,"column":63}},"122":{"start":{"line":123,"column":0},"end":{"line":123,"column":25}},"123":{"start":{"line":124,"column":0},"end":{"line":124,"column":33}},"124":{"start":{"line":125,"column":0},"end":{"line":125,"column":71}},"125":{"start":{"line":126,"column":0},"end":{"line":126,"column":444}},"126":{"start":{"line":127,"column":0},"end":{"line":127,"column":19}},"129":{"start":{"line":130,"column":0},"end":{"line":130,"column":39}},"130":{"start":{"line":131,"column":0},"end":{"line":131,"column":210}},"131":{"start":{"line":132,"column":0},"end":{"line":132,"column":29}},"132":{"start":{"line":133,"column":0},"end":{"line":133,"column":37}},"133":{"start":{"line":134,"column":0},"end":{"line":134,"column":40}},"134":{"start":{"line":135,"column":0},"end":{"line":135,"column":52}},"135":{"start":{"line":136,"column":0},"end":{"line":136,"column":64}},"136":{"start":{"line":137,"column":0},"end":{"line":137,"column":26}},"137":{"start":{"line":138,"column":0},"end":{"line":138,"column":250}},"138":{"start":{"line":139,"column":0},"end":{"line":139,"column":23}},"141":{"start":{"line":142,"column":0},"end":{"line":142,"column":29}},"142":{"start":{"line":143,"column":0},"end":{"line":143,"column":37}},"143":{"start":{"line":144,"column":0},"end":{"line":144,"column":40}},"144":{"start":{"line":145,"column":0},"end":{"line":145,"column":52}},"145":{"start":{"line":146,"column":0},"end":{"line":146,"column":56}},"146":{"start":{"line":147,"column":0},"end":{"line":147,"column":26}},"147":{"start":{"line":148,"column":0},"end":{"line":148,"column":250}},"148":{"start":{"line":149,"column":0},"end":{"line":149,"column":23}},"151":{"start":{"line":152,"column":0},"end":{"line":152,"column":29}},"152":{"start":{"line":153,"column":0},"end":{"line":153,"column":37}},"153":{"start":{"line":154,"column":0},"end":{"line":154,"column":46}},"154":{"start":{"line":155,"column":0},"end":{"line":155,"column":253}},"155":{"start":{"line":156,"column":0},"end":{"line":156,"column":23}},"165":{"start":{"line":166,"column":0},"end":{"line":166,"column":85}},"166":{"start":{"line":167,"column":0},"end":{"line":167,"column":29}},"167":{"start":{"line":168,"column":0},"end":{"line":168,"column":15}},"168":{"start":{"line":169,"column":0},"end":{"line":169,"column":22}},"169":{"start":{"line":170,"column":0},"end":{"line":170,"column":301}},"170":{"start":{"line":171,"column":0},"end":{"line":171,"column":41}},"171":{"start":{"line":172,"column":0},"end":{"line":172,"column":11}},"178":{"start":{"line":179,"column":0},"end":{"line":179,"column":1}}},"s":{"0":1,"9":1,"10":1,"14":1,"16":1,"17":1,"18":0,"19":0,"20":1,"21":1,"22":0,"23":0,"24":1,"25":1,"26":1,"28":1,"29":2,"30":2,"31":2,"32":2,"33":2,"34":2,"36":2,"37":1,"38":2,"40":2,"41":1,"42":0,"43":0,"44":0,"45":0,"46":0,"47":0,"48":0,"49":0,"50":0,"51":0,"52":0,"53":0,"54":0,"55":2,"57":2,"58":0,"59":0,"61":2,"62":0,"63":0,"64":0,"65":0,"67":2,"68":0,"69":0,"70":0,"71":0,"72":0,"73":0,"74":0,"76":2,"77":2,"78":2,"79":2,"80":2,"81":2,"82":2,"84":2,"85":2,"86":2,"87":2,"90":2,"91":2,"92":2,"97":2,"98":2,"99":2,"100":2,"101":2,"103":2,"104":2,"105":2,"106":2,"107":2,"108":2,"112":2,"113":2,"114":2,"115":2,"116":2,"118":2,"120":2,"121":2,"122":2,"123":2,"124":2,"125":2,"126":2,"129":2,"130":2,"131":2,"132":2,"133":2,"134":0,"135":0,"136":0,"137":2,"138":2,"141":2,"142":2,"143":2,"144":0,"145":0,"146":0,"147":2,"148":2,"151":2,"152":2,"153":2,"154":2,"155":2,"165":2,"166":2,"167":2,"168":2,"169":2,"170":2,"171":2,"178":2},"branchMap":{"0":{"type":"branch","line":17,"loc":{"start":{"line":17,"column":0},"end":{"line":27,"column":1}},"locations":[{"start":{"line":17,"column":0},"end":{"line":27,"column":1}}]},"1":{"type":"branch","line":18,"loc":{"start":{"line":18,"column":37},"end":{"line":20,"column":3}},"locations":[{"start":{"line":18,"column":37},"end":{"line":20,"column":3}}]},"2":{"type":"branch","line":22,"loc":{"start":{"line":22,"column":47},"end":{"line":24,"column":3}},"locations":[{"start":{"line":22,"column":47},"end":{"line":24,"column":3}}]},"3":{"type":"branch","line":25,"loc":{"start":{"line":25,"column":39},"end":{"line":25,"column":74}},"locations":[{"start":{"line":25,"column":39},"end":{"line":25,"column":74}}]},"4":{"type":"branch","line":26,"loc":{"start":{"line":26,"column":9},"end":{"line":26,"column":32}},"locations":[{"start":{"line":26,"column":9},"end":{"line":26,"column":32}}]},"5":{"type":"branch","line":29,"loc":{"start":{"line":29,"column":7},"end":{"line":179,"column":1}},"locations":[{"start":{"line":29,"column":7},"end":{"line":179,"column":1}}]},"6":{"type":"branch","line":78,"loc":{"start":{"line":78,"column":30},"end":{"line":78,"column":48}},"locations":[{"start":{"line":78,"column":30},"end":{"line":78,"column":48}}]},"7":{"type":"branch","line":86,"loc":{"start":{"line":86,"column":15},"end":{"line":86,"column":43}},"locations":[{"start":{"line":86,"column":15},"end":{"line":86,"column":43}}]},"8":{"type":"branch","line":119,"loc":{"start":{"line":119,"column":27},"end":{"line":119,"column":42}},"locations":[{"start":{"line":119,"column":27},"end":{"line":119,"column":42}}]},"9":{"type":"branch","line":121,"loc":{"start":{"line":121,"column":15},"end":{"line":121,"column":43}},"locations":[{"start":{"line":121,"column":15},"end":{"line":121,"column":43}}]},"10":{"type":"branch","line":30,"loc":{"start":{"line":30,"column":44},"end":{"line":30,"column":69}},"locations":[{"start":{"line":30,"column":44},"end":{"line":30,"column":69}}]},"11":{"type":"branch","line":37,"loc":{"start":{"line":37,"column":12},"end":{"line":39,"column":5}},"locations":[{"start":{"line":37,"column":12},"end":{"line":39,"column":5}}]},"12":{"type":"branch","line":41,"loc":{"start":{"line":41,"column":12},"end":{"line":56,"column":5}},"locations":[{"start":{"line":41,"column":12},"end":{"line":56,"column":5}}]},"13":{"type":"branch","line":42,"loc":{"start":{"line":42,"column":26},"end":{"line":56,"column":5}},"locations":[{"start":{"line":42,"column":26},"end":{"line":56,"column":5}}]}},"b":{"0":[1],"1":[0],"2":[0],"3":[0],"4":[0],"5":[2],"6":[0],"7":[1],"8":[0],"9":[1],"10":[1],"11":[1],"12":[1],"13":[0]},"fnMap":{"0":{"name":"getInitialTheme","decl":{"start":{"line":17,"column":0},"end":{"line":27,"column":1}},"loc":{"start":{"line":17,"column":0},"end":{"line":27,"column":1}},"line":17},"1":{"name":"Layout","decl":{"start":{"line":29,"column":7},"end":{"line":179,"column":1}},"loc":{"start":{"line":29,"column":7},"end":{"line":179,"column":1}},"line":29},"2":{"name":"handleClickOutside","decl":{"start":{"line":43,"column":31},"end":{"line":51,"column":6}},"loc":{"start":{"line":43,"column":31},"end":{"line":51,"column":6}},"line":43},"3":{"name":"toggleTheme","decl":{"start":{"line":58,"column":22},"end":{"line":60,"column":4}},"loc":{"start":{"line":58,"column":22},"end":{"line":60,"column":4}},"line":58},"4":{"name":"handleLogout","decl":{"start":{"line":62,"column":23},"end":{"line":66,"column":4}},"loc":{"start":{"line":62,"column":23},"end":{"line":66,"column":4}},"line":62},"5":{"name":"handleSearchSubmit","decl":{"start":{"line":68,"column":70},"end":{"line":75,"column":4}},"loc":{"start":{"line":68,"column":70},"end":{"line":75,"column":4}},"line":68},"6":{"name":"onChange","decl":{"start":{"line":107,"column":30},"end":{"line":107,"column":69}},"loc":{"start":{"line":107,"column":30},"end":{"line":107,"column":69}},"line":107},"7":{"name":"onClick","decl":{"start":{"line":125,"column":29},"end":{"line":125,"column":71}},"loc":{"start":{"line":125,"column":29},"end":{"line":125,"column":71}},"line":125},"8":{"name":"onClick","decl":{"start":{"line":134,"column":33},"end":{"line":137,"column":26}},"loc":{"start":{"line":134,"column":33},"end":{"line":137,"column":26}},"line":134},"9":{"name":"onClick","decl":{"start":{"line":144,"column":33},"end":{"line":147,"column":26}},"loc":{"start":{"line":144,"column":33},"end":{"line":147,"column":26}},"line":144}},"f":{"0":1,"1":2,"2":0,"3":0,"4":0,"5":0,"6":0,"7":0,"8":0,"9":0}}
,"C:\\Users\\joons\\Documents\\CS 196-2\\project-repository-jskpaul\\frontend\\src\\mock\\data.ts": {"path":"C:\\Users\\joons\\Documents\\CS 196-2\\project-repository-jskpaul\\frontend\\src\\mock\\data.ts","all":true,"statementMap":{"0":{"start":{"line":1,"column":0},"end":{"line":1,"column":25}},"1":{"start":{"line":2,"column":0},"end":{"line":2,"column":13}},"2":{"start":{"line":3,"column":0},"end":{"line":3,"column":23}},"3":{"start":{"line":4,"column":0},"end":{"line":4,"column":20}},"4":{"start":{"line":5,"column":0},"end":{"line":5,"column":15}},"5":{"start":{"line":6,"column":0},"end":{"line":6,"column":2}},"6":{"start":{"line":7,"column":0},"end":{"line":7,"column":0}},"7":{"start":{"line":8,"column":0},"end":{"line":8,"column":24}},"8":{"start":{"line":9,"column":0},"end":{"line":9,"column":17}},"9":{"start":{"line":10,"column":0},"end":{"line":10,"column":14}},"10":{"start":{"line":11,"column":0},"end":{"line":11,"column":22}},"11":{"start":{"line":12,"column":0},"end":{"line":12,"column":2}},"12":{"start":{"line":13,"column":0},"end":{"line":13,"column":0}},"13":{"start":{"line":14,"column":0},"end":{"line":14,"column":38}},"14":{"start":{"line":15,"column":0},"end":{"line":15,"column":3}},"15":{"start":{"line":16,"column":0},"end":{"line":16,"column":17}},"16":{"start":{"line":17,"column":0},"end":{"line":17,"column":71}},"17":{"start":{"line":18,"column":0},"end":{"line":18,"column":42}},"18":{"start":{"line":19,"column":0},"end":{"line":19,"column":4}},"19":{"start":{"line":20,"column":0},"end":{"line":20,"column":3}},"20":{"start":{"line":21,"column":0},"end":{"line":21,"column":26}},"21":{"start":{"line":22,"column":0},"end":{"line":22,"column":67}},"22":{"start":{"line":23,"column":0},"end":{"line":23,"column":27}},"23":{"start":{"line":24,"column":0},"end":{"line":24,"column":4}},"24":{"start":{"line":25,"column":0},"end":{"line":25,"column":3}},"25":{"start":{"line":26,"column":0},"end":{"line":26,"column":23}},"26":{"start":{"line":27,"column":0},"end":{"line":27,"column":49}},"27":{"start":{"line":28,"column":0},"end":{"line":28,"column":30}},"28":{"start":{"line":29,"column":0},"end":{"line":29,"column":3}},"29":{"start":{"line":30,"column":0},"end":{"line":30,"column":2}},"30":{"start":{"line":31,"column":0},"end":{"line":31,"column":0}},"31":{"start":{"line":32,"column":0},"end":{"line":32,"column":44}},"32":{"start":{"line":33,"column":0},"end":{"line":33,"column":3}},"33":{"start":{"line":34,"column":0},"end":{"line":34,"column":12}},"34":{"start":{"line":35,"column":0},"end":{"line":35,"column":32}},"35":{"start":{"line":36,"column":0},"end":{"line":36,"column":24}},"36":{"start":{"line":37,"column":0},"end":{"line":37,"column":64}},"37":{"start":{"line":38,"column":0},"end":{"line":38,"column":4}},"38":{"start":{"line":39,"column":0},"end":{"line":39,"column":3}},"39":{"start":{"line":40,"column":0},"end":{"line":40,"column":12}},"40":{"start":{"line":41,"column":0},"end":{"line":41,"column":29}},"41":{"start":{"line":42,"column":0},"end":{"line":42,"column":25}},"42":{"start":{"line":43,"column":0},"end":{"line":43,"column":71}},"43":{"start":{"line":44,"column":0},"end":{"line":44,"column":3}},"44":{"start":{"line":45,"column":0},"end":{"line":45,"column":2}}},"s":{"0":0,"1":0,"2":0,"3":0,"4":0,"5":0,"6":0,"7":0,"8":0,"9":0,"10":0,"11":0,"12":0,"13":0,"14":0,"15":0,"16":0,"17":0,"18":0,"19":0,"20":0,"21":0,"22":0,"23":0,"24":0,"25":0,"26":0,"27":0,"28":0,"29":0,"30":0,"31":0,"32":0,"33":0,"34":0,"35":0,"36":0,"37":0,"38":0,"39":0,"40":0,"41":0,"42":0,"43":0,"44":0},"branchMap":{"0":{"type":"branch","line":1,"loc":{"start":{"line":1,"column":0},"end":{"line":45,"column":2}},"locations":[{"start":{"line":1,"column":0},"end":{"line":45,"column":2}}]}},"b":{"0":[0]},"fnMap":{"0":{"name":"(empty-report)","decl":{"start":{"line":1,"column":0},"end":{"line":45,"column":2}},"loc":{"start":{"line":1,"column":0},"end":{"line":45,"column":2}},"line":1}},"f":{"0":0}}
,"C:\\Users\\joons\\Documents\\CS 196-2\\project-repository-jskpaul\\frontend\\src\\pages\\AccountCreatePage.tsx": {"path":"C:\\Users\\joons\\Documents\\CS 196-2\\project-repository-jskpaul\\frontend\\src\\pages\\AccountCreatePage.tsx","all":false,"statementMap":{"0":{"start":{"line":1,"column":0},"end":{"line":1,"column":44}},"4":{"start":{"line":5,"column":0},"end":{"line":5,"column":37}},"5":{"start":{"line":6,"column":0},"end":{"line":6,"column":43}},"6":{"start":{"line":7,"column":0},"end":{"line":7,"column":39}},"7":{"start":{"line":8,"column":0},"end":{"line":8,"column":41}},"8":{"start":{"line":9,"column":0},"end":{"line":9,"column":47}},"9":{"start":{"line":10,"column":0},"end":{"line":10,"column":58}},"10":{"start":{"line":11,"column":0},"end":{"line":11,"column":58}},"11":{"start":{"line":12,"column":0},"end":{"line":12,"column":33}},"13":{"start":{"line":14,"column":0},"end":{"line":14,"column":48}},"14":{"start":{"line":15,"column":0},"end":{"line":15,"column":27}},"15":{"start":{"line":16,"column":0},"end":{"line":16,"column":19}},"16":{"start":{"line":17,"column":0},"end":{"line":17,"column":26}},"17":{"start":{"line":18,"column":0},"end":{"line":18,"column":9}},"18":{"start":{"line":19,"column":0},"end":{"line":19,"column":29}},"19":{"start":{"line":20,"column":0},"end":{"line":20,"column":32}},"20":{"start":{"line":21,"column":0},"end":{"line":21,"column":26}},"21":{"start":{"line":22,"column":0},"end":{"line":22,"column":28}},"22":{"start":{"line":23,"column":0},"end":{"line":23,"column":16}},"23":{"start":{"line":24,"column":0},"end":{"line":24,"column":9}},"24":{"start":{"line":25,"column":0},"end":{"line":25,"column":37}},"25":{"start":{"line":26,"column":0},"end":{"line":26,"column":22}},"26":{"start":{"line":27,"column":0},"end":{"line":27,"column":42}},"27":{"start":{"line":28,"column":0},"end":{"line":28,"column":9}},"28":{"start":{"line":29,"column":0},"end":{"line":29,"column":19}},"29":{"start":{"line":30,"column":0},"end":{"line":30,"column":72}},"30":{"start":{"line":31,"column":0},"end":{"line":31,"column":15}},"31":{"start":{"line":32,"column":0},"end":{"line":32,"column":29}},"32":{"start":{"line":33,"column":0},"end":{"line":33,"column":5}},"33":{"start":{"line":34,"column":0},"end":{"line":34,"column":4}},"35":{"start":{"line":36,"column":0},"end":{"line":36,"column":10}},"36":{"start":{"line":37,"column":0},"end":{"line":37,"column":42}},"37":{"start":{"line":38,"column":0},"end":{"line":38,"column":74}},"38":{"start":{"line":39,"column":0},"end":{"line":39,"column":69}},"39":{"start":{"line":40,"column":0},"end":{"line":40,"column":116}},"41":{"start":{"line":42,"column":0},"end":{"line":42,"column":54}},"42":{"start":{"line":43,"column":0},"end":{"line":43,"column":88}},"44":{"start":{"line":45,"column":0},"end":{"line":45,"column":16}},"45":{"start":{"line":46,"column":0},"end":{"line":46,"column":218}},"46":{"start":{"line":47,"column":0},"end":{"line":47,"column":24}},"47":{"start":{"line":48,"column":0},"end":{"line":48,"column":53}},"48":{"start":{"line":49,"column":0},"end":{"line":49,"column":35}},"49":{"start":{"line":50,"column":0},"end":{"line":50,"column":27}},"50":{"start":{"line":51,"column":0},"end":{"line":51,"column":20}},"53":{"start":{"line":54,"column":0},"end":{"line":54,"column":88}},"55":{"start":{"line":56,"column":0},"end":{"line":56,"column":56}},"56":{"start":{"line":57,"column":0},"end":{"line":57,"column":73}},"57":{"start":{"line":58,"column":0},"end":{"line":58,"column":18}},"58":{"start":{"line":59,"column":0},"end":{"line":59,"column":215}},"59":{"start":{"line":60,"column":0},"end":{"line":60,"column":28}},"60":{"start":{"line":61,"column":0},"end":{"line":61,"column":57}},"61":{"start":{"line":62,"column":0},"end":{"line":62,"column":34}},"62":{"start":{"line":63,"column":0},"end":{"line":63,"column":22}},"66":{"start":{"line":67,"column":0},"end":{"line":67,"column":88}},"68":{"start":{"line":69,"column":0},"end":{"line":69,"column":16}},"69":{"start":{"line":70,"column":0},"end":{"line":70,"column":24}},"70":{"start":{"line":71,"column":0},"end":{"line":71,"column":218}},"71":{"start":{"line":72,"column":0},"end":{"line":72,"column":25}},"72":{"start":{"line":73,"column":0},"end":{"line":73,"column":54}},"73":{"start":{"line":74,"column":0},"end":{"line":74,"column":20}},"76":{"start":{"line":77,"column":0},"end":{"line":77,"column":88}},"78":{"start":{"line":79,"column":0},"end":{"line":7
[...]
olumn":39}},"74":{"start":{"line":75,"column":0},"end":{"line":75,"column":9}},"75":{"start":{"line":76,"column":0},"end":{"line":76,"column":7}},"76":{"start":{"line":77,"column":0},"end":{"line":77,"column":12}},"77":{"start":{"line":78,"column":0},"end":{"line":78,"column":18}},"78":{"start":{"line":79,"column":0},"end":{"line":79,"column":23}},"79":{"start":{"line":80,"column":0},"end":{"line":80,"column":28}},"80":{"start":{"line":81,"column":0},"end":{"line":81,"column":6}},"81":{"start":{"line":82,"column":0},"end":{"line":82,"column":19}},"83":{"start":{"line":84,"column":0},"end":{"line":84,"column":48}},"84":{"start":{"line":85,"column":0},"end":{"line":85,"column":27}},"85":{"start":{"line":86,"column":0},"end":{"line":86,"column":75}},"86":{"start":{"line":87,"column":0},"end":{"line":87,"column":19}},"87":{"start":{"line":88,"column":0},"end":{"line":88,"column":26}},"88":{"start":{"line":89,"column":0},"end":{"line":89,"column":9}},"89":{"start":{"line":90,"column":0},"end":{"line":90,"column":68}},"90":{"start":{"line":91,"column":0},"end":{"line":91,"column":18}},"91":{"start":{"line":92,"column":0},"end":{"line":92,"column":52}},"92":{"start":{"line":93,"column":0},"end":{"line":93,"column":24}},"93":{"start":{"line":94,"column":0},"end":{"line":94,"column":46}},"94":{"start":{"line":95,"column":0},"end":{"line":95,"column":14}},"95":{"start":{"line":96,"column":0},"end":{"line":96,"column":19}},"96":{"start":{"line":97,"column":0},"end":{"line":97,"column":51}},"97":{"start":{"line":98,"column":0},"end":{"line":98,"column":47}},"98":{"start":{"line":99,"column":0},"end":{"line":99,"column":15}},"99":{"start":{"line":100,"column":0},"end":{"line":100,"column":29}},"100":{"start":{"line":101,"column":0},"end":{"line":101,"column":5}},"101":{"start":{"line":102,"column":0},"end":{"line":102,"column":4}},"103":{"start":{"line":104,"column":0},"end":{"line":104,"column":35}},"104":{"start":{"line":105,"column":0},"end":{"line":105,"column":34}},"105":{"start":{"line":106,"column":0},"end":{"line":106,"column":44}},"106":{"start":{"line":107,"column":0},"end":{"line":107,"column":13}},"107":{"start":{"line":108,"column":0},"end":{"line":108,"column":5}},"108":{"start":{"line":109,"column":0},"end":{"line":109,"column":29}},"109":{"start":{"line":110,"column":0},"end":{"line":110,"column":4}},"111":{"start":{"line":112,"column":0},"end":{"line":112,"column":31}},"112":{"start":{"line":113,"column":0},"end":{"line":113,"column":30}},"113":{"start":{"line":114,"column":0},"end":{"line":114,"column":16}},"114":{"start":{"line":115,"column":0},"end":{"line":115,"column":18}},"115":{"start":{"line":116,"column":0},"end":{"line":116,"column":44}},"116":{"start":{"line":117,"column":0},"end":{"line":117,"column":12}},"117":{"start":{"line":118,"column":0},"end":{"line":118,"column":24}},"118":{"start":{"line":119,"column":0},"end":{"line":119,"column":5}},"119":{"start":{"line":120,"column":0},"end":{"line":120,"column":4}},"121":{"start":{"line":122,"column":0},"end":{"line":122,"column":31}},"122":{"start":{"line":123,"column":0},"end":{"line":123,"column":30}},"123":{"start":{"line":124,"column":0},"end":{"line":124,"column":4}},"125":{"start":{"line":126,"column":0},"end":{"line":126,"column":10}},"126":{"start":{"line":127,"column":0},"end":{"line":127,"column":42}},"127":{"start":{"line":128,"column":0},"end":{"line":128,"column":60}},"128":{"start":{"line":129,"column":0},"end":{"line":129,"column":69}},"129":{"start":{"line":130,"column":0},"end":{"line":130,"column":80}},"131":{"start":{"line":132,"column":0},"end":{"line":132,"column":54}},"132":{"start":{"line":133,"column":0},"end":{"line":133,"column":17}},"133":{"start":{"line":134,"column":0},"end":{"line":134,"column":241}},"134":{"start":{"line":135,"column":0},"end":{"line":135,"column":25}},"135":{"start":{"line":136,"column":0},"end":{"line":136,"column":22}},"136":{"start":{"line":137,"column":0},"end":{"line":137,"column":51}},"137":{"start":{"line":138,"column":0},"end":{"line":138,"column":63}},"139":{"start":{"line":140,"column":0},"end":{"line":140,"column":46}},"140":{"start":{"line":141,"column":0},"end":{"line":141,"column":33}},"141":{"start":{"line":142,"column":0},"end":{"line":142,"column":92}},"142":{"start":{"line":143,"column":0},"end":{"line":143,"column":44}},"143":{"start":{"line":144,"column":0},"end":{"line":144,"column":17}},"144":{"start":{"line":145,"column":0},"end":{"line":145,"column":25}},"145":{"start":{"line":146,"column":0},"end":{"line":146,"column":56}},"146":{"start":{"line":147,"column":0},"end":{"line":147,"column":174}},"147":{"start":{"line":148,"column":0},"end":{"line":148,"column":60}},"148":{"start":{"line":149,"column":0},"end":{"line":149,"column":162}},"149":{"start":{"line":150,"column":0},"end":{"line":150,"column":163}},"152":{"start":{"line":153,"column":0},"end":{"line":153,"column":102}},"153":{"start":{"line":154,"column":0},"end":{"line":154,"column":109}},"154":{"start":{"line":155,"column":0},"end":{"line":155,"column":97}},"157":{"start":{"line":158,"column":0},"end":{"line":158,"column":19}},"159":{"start":{"line":160,"column":0},"end":{"line":160,"column":102}},"160":{"start":{"line":161,"column":0},"end":{"line":161,"column":106}},"161":{"start":{"line":162,"column":0},"end":{"line":162,"column":51}},"162":{"start":{"line":163,"column":0},"end":{"line":163,"column":19}},"163":{"start":{"line":164,"column":0},"end":{"line":164,"column":27}},"164":{"start":{"line":165,"column":0},"end":{"line":165,"column":41}},"165":{"start":{"line":166,"column":0},"end":{"line":166,"column":177}},"166":{"start":{"line":167,"column":0},"end":{"line":167,"column":13}},"169":{"start":{"line":170,"column":0},"end":{"line":170,"column":19}},"170":{"start":{"line":171,"column":0},"end":{"line":171,"column":27}},"171":{"start":{"line":172,"column":0},"end":{"line":172,"column":78}},"172":{"start":{"line":173,"column":0},"end":{"line":173,"column":337}},"174":{"start":{"line":175,"column":0},"end":{"line":175,"column":54}},"179":{"start":{"line":180,"column":0},"end":{"line":180,"column":69}},"180":{"start":{"line":181,"column":0},"end":{"line":181,"column":27}},"181":{"start":{"line":182,"column":0},"end":{"line":182,"column":89}},"182":{"start":{"line":183,"column":0},"end":{"line":183,"column":129}},"183":{"start":{"line":184,"column":0},"end":{"line":184,"column":74}},"184":{"start":{"line":185,"column":0},"end":{"line":185,"column":75}},"187":{"start":{"line":188,"column":0},"end":{"line":188,"column":60}},"188":{"start":{"line":189,"column":0},"end":{"line":189,"column":21}},"189":{"start":{"line":190,"column":0},"end":{"line":190,"column":29}},"190":{"start":{"line":191,"column":0},"end":{"line":191,"column":39}},"191":{"start":{"line":192,"column":0},"end":{"line":192,"column":159}},"192":{"start":{"line":193,"column":0},"end":{"line":193,"column":15}},"195":{"start":{"line":196,"column":0},"end":{"line":196,"column":21}},"196":{"start":{"line":197,"column":0},"end":{"line":197,"column":29}},"197":{"start":{"line":198,"column":0},"end":{"line":198,"column":39}},"198":{"start":{"line":199,"column":0},"end":{"line":199,"column":123}},"199":{"start":{"line":200,"column":0},"end":{"line":200,"column":15}},"206":{"start":{"line":207,"column":0},"end":{"line":207,"column":24}},"207":{"start":{"line":208,"column":0},"end":{"line":208,"column":173}},"208":{"start":{"line":209,"column":0},"end":{"line":209,"column":24}},"213":{"start":{"line":214,"column":0},"end":{"line":214,"column":1}}},"s":{"0":1,"5":1,"6":1,"7":1,"8":1,"9":1,"10":1,"11":1,"12":1,"13":1,"14":1,"15":1,"16":1,"18":1,"19":1,"21":1,"22":1,"23":0,"24":0,"25":0,"26":0,"27":0,"28":0,"29":0,"30":0,"31":0,"32":0,"33":0,"34":0,"35":0,"36":0,"37":0,"38":1,"40":1,"41":1,"42":0,"43":0,"44":0,"45":0,"46":1,"48":1,"49":1,"50":0,"51":0,"52":0,"53":0,"54":0,"55":0,"56":0,"57":0,"58":0,"59":0,"60":0,"61":0,"62":0,"63":0,"64":0,"65":0,"66":0,"67":0,"68":0,"69":0,"70":0,"71":0,"72":0,"73":0,"74":0,"75":0,"76":0,"77":0,"78":0,"79":0,"80":0,"81":1,"83":1,"84":0,"85":0,"86":0,"87":0,"88":0,"89":0,"90":0,"91":0,"92":0,"93":0,"94":0,"95":0,"96":0,"97":0,"98":0,"99":0,"100":0,"101":0,"103":1,"104":0,"105":0,"106":0,"107":0,"108":0,"109":0,"111":1,"112":0,"113":0,"114":0,"115":0,"116":0,"117":0,"118":0,"119":0,"121":1,"122":0,"123":0,"125":1,"126":1,"127":1,"128":1,"129":1,"131":1,"132":1,"133":1,"134":1,"135":1,"136":1,"137":1,"139":1,"140":1,"141":0,"142":1,"143":0,"144":0,"145":0,"146":0,"147":0,"148":0,"149":0,"152":0,"153":0,"154":0,"157":0,"159":1,"160":1,"161":1,"162":1,"163":1,"164":1,"165":1,"166":1,"169":1,"170":1,"171":1,"172":1,"174":1,"179":1,"180":1,"181":1,"182":1,"183":1,"184":1,"187":1,"188":1,"189":1,"190":1,"191":1,"192":1,"195":1,"196":1,"197":1,"198":1,"199":1,"206":1,"207":1,"208":1,"213":1},"branchMap":{"0":{"type":"branch","line":6,"loc":{"start":{"line":6,"column":7},"end":{"line":214,"column":1}},"locations":[{"start":{"line":6,"column":7},"end":{"line":214,"column":1}}]},"1":{"type":"branch","line":130,"loc":{"start":{"line":130,"column":21},"end":{"line":130,"column":57}},"locations":[{"start":{"line":130,"column":21},"end":{"line":130,"column":57}}]},"2":{"type":"branch","line":141,"loc":{"start":{"line":141,"column":11},"end":{"line":143,"column":25}},"locations":[{"start":{"line":141,"column":11},"end":{"line":143,"column":25}}]},"3":{"type":"branch","line":143,"loc":{"start":{"line":143,"column":14},"end":{"line":143,"column":44}},"locations":[{"start":{"line":143,"column":14},"end":{"line":143,"column":44}}]},"4":{"type":"branch","line":143,"loc":{"start":{"line":143,"column":25},"end":{"line":158,"column":19}},"locations":[{"start":{"line":143,"column":25},"end":{"line":158,"column":19}}]},"5":{"type":"branch","line":161,"loc":{"start":{"line":161,"column":27},"end":{"line":161,"column":56}},"locations":[{"start":{"line":161,"column":27},"end":{"line":161,"column":56}}]},"6":{"type":"branch","line":172,"loc":{"start":{"line":172,"column":60},"end":{"line":172,"column":78}},"locations":[{"start":{"line":172,"column":60},"end":{"line":172,"column":78}}]},"7":{"type":"branch","line":175,"loc":{"start":{"line":175,"column":15},"end":{"line":175,"column":46}},"locations":[{"start":{"line":175,"column":15},"end":{"line":175,"column":46}}]},"8":{"type":"branch","line":22,"loc":{"start":{"line":22,"column":12},"end":{"line":39,"column":5}},"locations":[{"start":{"line":22,"column":12},"end":{"line":39,"column":5}}]},"9":{"type":"branch","line":23,"loc":{"start":{"line":23,"column":27},"end":{"line":39,"column":5}},"locations":[{"start":{"line":23,"column":27},"end":{"line":39,"column":5}}]},"10":{"type":"branch","line":41,"loc":{"start":{"line":41,"column":12},"end":{"line":47,"column":5}},"locations":[{"start":{"line":41,"column":12},"end":{"line":47,"column":5}}]},"11":{"type":"branch","line":42,"loc":{"start":{"line":42,"column":23},"end":{"line":47,"column":5}},"locations":[{"start":{"line":42,"column":23},"end":{"line":47,"column":5}}]},"12":{"type":"branch","line":49,"loc":{"start":{"line":49,"column":12},"end":{"line":82,"column":5}},"locations":[{"start":{"line":49,"column":12},"end":{"line":82,"column":5}}]},"13":{"type":"branch","line":50,"loc":{"start":{"line":50,"column":15},"end":{"line":82,"column":5}},"locations":[{"start":{"line":50,"column":15},"end":{"line":82,"column":5}}]}},"b":{"0":[1],"1":[0],"2":[0],"3":[0],"4":[0],"5":[0],"6":[0],"7":[0],"8":[1],"9":[0],"10":[1],"11":[0],"12":[1],"13":[0]},"fnMap":{"0":{"name":"ReplyPostPage","decl":{"start":{"line":6,"column":7},"end":{"line":214,"column":1}},"loc":{"start":{"line":6,"column":7},"end":{"line":214,"column":1}},"line":6},"1":{"name":"load","decl":{"start":{"line":25,"column":17},"end":{"line":34,"column":6}},"loc":{"start":{"line":25,"column":17},"end":{"line":34,"column":6}},"line":25},"2":{"name":"onSubmit","decl":{"start":{"line":84,"column":19},"end":{"line":102,"column":4}},"loc":{"start":{"line":84,"column":19},"end":{"line":102,"column":4}},"line":84},"3":{"name":"handleCancelClick","decl":{"start":{"line":104,"column":28},"end":{"line":110,"column":4}},"loc":{"start":{"line":104,"column":28},"end":{"line":110,"column":4}},"line":104},"4":{"name":"confirmCancel","decl":{"start":{"line":112,"column":24},"end":{"line":120,"column":4}},"loc":{"start":{"line":112,"column":24},"end":{"line":120,"column":4}},"line":112},"5":{"name":"dismissCancel","decl":{"start":{"line":122,"column":24},"end":{"line":124,"column":4}},"loc":{"start":{"line":122,"column":24},"end":{"line":124,"column":4}},"line":122},"6":{"name":"onChange","decl":{"start":{"line":137,"column":20},"end":{"line":137,"column":51}},"loc":{"start":{"line":137,"column":20},"end":{"line":137,"column":51}},"line":137}},"f":{"0":1,"1":0,"2":0,"3":0,"4":0,"5":0,"6":0}}
,"C:\\Users\\joons\\Documents\\CS 196-2\\project-repository-jskpaul\\frontend\\src\\pages\\SearchResultsPage.tsx": {"path":"C:\\Users\\joons\\Documents\\CS 196-2\\project-repository-jskpaul\\frontend\\src\\pages\\SearchResultsPage.tsx","all":false,"statementMap":{"0":{"start":{"line":1,"column":0},"end":{"line":1,"column":44}},"4":{"start":{"line":5,"column":0},"end":{"line":5,"column":37}},"5":{"start":{"line":6,"column":0},"end":{"line":6,"column":37}},"6":{"start":{"line":7,"column":0},"end":{"line":7,"column":38}},"7":{"start":{"line":8,"column":0},"end":{"line":8,"column":60}},"8":{"start":{"line":9,"column":0},"end":{"line":9,"column":52}},"9":{"start":{"line":10,"column":0},"end":{"line":10,"column":58}},"11":{"start":{"line":12,"column":0},"end":{"line":12,"column":19}},"12":{"start":{"line":13,"column":0},"end":{"line":13,"column":26}},"13":{"start":{"line":14,"column":0},"end":{"line":14,"column":29}},"14":{"start":{"line":15,"column":0},"end":{"line":15,"column":29}},"15":{"start":{"line":16,"column":0},"end":{"line":16,"column":15}},"16":{"start":{"line":17,"column":0},"end":{"line":17,"column":23}},"17":{"start":{"line":18,"column":0},"end":{"line":18,"column":15}},"18":{"start":{"line":19,"column":0},"end":{"line":19,"column":7}},"19":{"start":{"line":20,"column":0},"end":{"line":20,"column":25}},"20":{"start":{"line":21,"column":0},"end":{"line":21,"column":21}},"21":{"start":{"line":22,"column":0},"end":{"line":22,"column":11}},"22":{"start":{"line":23,"column":0},"end":{"line":23,"column":43}},"23":{"start":{"line":24,"column":0},"end":{"line":24,"column":25}},"24":{"start":{"line":25,"column":0},"end":{"line":25,"column":28}},"25":{"start":{"line":26,"column":0},"end":{"line":26,"column":9}},"26":{"start":{"line":27,"column":0},"end":{"line":27,"column":21}},"27":{"start":{"line":28,"column":0},"end":{"line":28,"column":25}},"28":{"start":{"line":29,"column":0},"end":{"line":29,"column":46}},"29":{"start":{"line":30,"column":0},"end":{"line":30,"column":9}},"30":{"start":{"line":31,"column":0},"end":{"line":31,"column":17}},"31":{"start":{"line":32,"column":0},"end":{"line":32,"column":25}},"32":{"start":{"line":33,"column":0},"end":{"line":33,"column":30}},"33":{"start":{"line":34,"column":0},"end":{"line":34,"column":9}},"34":{"start":{"line":35,"column":0},"end":{"line":35,"column":7}},"35":{"start":{"line":36,"column":0},"end":{"line":36,"column":6}},"36":{"start":{"line":37,"column":0},"end":{"line":37,"column":10}},"37":{"start":{"line":38,"column":0},"end":{"line":38,"column":18}},"38":{"start":{"line":39,"column":0},"end":{"line":39,"column":23}},"39":{"start":{"line":40,"column":0},"end":{"line":40,"column":6}},"40":{"start":{"line":41,"column":0},"end":{"line":41,"column":14}},"42":{"start":{"line":43,"column":0},"end":{"line":43,"column":10}},"43":{"start":{"line":44,"column":0},"end":{"line":44,"column":35}},"44":{"start":{"line":45,"column":0},"end":{"line":45,"column":61}},"45":{"start":{"line":46,"column":0},"end":{"line":46,"column":69}},"46":{"start":{"line":47,"column":0},"end":{"line":47,"column":63}},"48":{"start":{"line":49,"column":0},"end":{"line":49,"column":93}},"49":{"start":{"line":50,"column":0},"end":{"line":50,"column":82}},"50":{"start":{"line":51,"column":0},"end":{"line":51,"column":55}},"51":{"start":{"line":52,"column":0},"end":{"line":52,"column":66}},"55":{"start":{"line":56,"column":0},"end":{"line":56,"column":79}},"56":{"start":{"line":57,"column":0},"end":{"line":57,"column":94}},"58":{"start":{"line":59,"column":0},"end":{"line":59,"column":30}},"59":{"start":{"line":60,"column":0},"end":{"line":60,"column":178}},"60":{"start":{"line":61,"column":0},"end":{"line":61,"column":31}},"61":{"start":{"line":62,"column":0},"end":{"line":62,"column":83}},"62":{"start":{"line":63,"column":0},"end":{"line":63,"column":92}},"63":{"start":{"line":64,"column":0},"end":{"line":64,"column":29}},"71":{"start":{"line":72,"column":0},"end":{"line":72,"column":1}}},"s":{"0":1,"4":1,"5":5,"6":5,"7":5,"8":5,"9":5,"11":5,"12":2,"13":2,"14":2,"15":2,"16":1,"17":1,"18":1,"19":1,"20":1,"21":1,"22":1,"23":1,"24":1,"25":1,"26":2,"27":0,"28":0,"29":0,"30":2,"31":1,"32":1,"33":1,"34":1,"35":2,"36":2,"37":2,"38":2,"39":2,"40":5,"42":5,"43":5,"44":5,"45":5,"46":5,"48":5,"49":5,"50":5,"51":5,"55":5,"56":5,"58":5,"59":5,"60":5,"61":5,"62":5,"63":5,"71":5},"branchMap":{"0":{"type":"branch","line":5,"loc":{"start":{"line":5,"column":7},"end":{"line":72,"column":1}},"locations":[{"start":{"line":5,"column":7},"end":{"line":72,"column":1}}]},"1":{"type":"branch","line":7,"loc":{"start":{"line":7,"column":27},"end":{"line":7,"column":38}},"locations":[{"start":{"line":7,"column":27},"end":{"line":7,"column":38}}]},"2":{"type":"branch","line":51,"loc":{"start":{"line":51,"column":8},"end":{"line":51,"column":31}},"locations":[{"start":{"line":51,"column":8},"end":{"line":51,"column":31}}]},"3":{"type":"branch","line":51,"loc":{"start":{"line":51,"column":22},"end":{"line":51,"column":55}},"locations":[{"start":{"line":51,"column":22},"end":{"line":51,"column":55}}]},"4":{"type":"branch","line":56,"loc":{"start":{"line":56,"column":8},"end":{"line":56,"column":31}},"locations":[{"start":{"line":56,"column":8},"end":{"line":56,"column":31}}]},"5":{"type":"branch","line":56,"loc":{"start":{"line":56,"column":22},"end":{"line":56,"column":54}},"locations":[{"start":{"line":56,"column":22},"end":{"line":56,"column":54}}]},"6":{"type":"branch","line":56,"loc":{"start":{"line":56,"column":48},"end":{"line":56,"column":79}},"locations":[{"start":{"line":56,"column":48},"end":{"line":56,"column":79}}]},"7":{"type":"branch","line":12,"loc":{"start":{"line":12,"column":12},"end":{"line":41,"column":5}},"locations":[{"start":{"line":12,"column":12},"end":{"line":41,"column":5}}]},"8":{"type":"branch","line":14,"loc":{"start":{"line":14,"column":16},"end":{"line":36,"column":6}},"locations":[{"start":{"line":14,"column":16},"end":{"line":36,"column":6}}]},"9":{"type":"branch","line":16,"loc":{"start":{"line":16,"column":14},"end":{"line":26,"column":9}},"locations":[{"start":{"line":16,"column":14},"end":{"line":26,"column":9}}]},"10":{"type":"branch","line":27,"loc":{"start":{"line":27,"column":8},"end":{"line":31,"column":16}},"locations":[{"start":{"line":27,"column":8},"end":{"line":31,"column":16}}]},"11":{"type":"branch","line":31,"loc":{"start":{"line":31,"column":6},"end":{"line":35,"column":7}},"locations":[{"start":{"line":31,"column":6},"end":{"line":35,"column":7}}]},"12":{"type":"branch","line":38,"loc":{"start":{"line":38,"column":11},"end":{"line":40,"column":6}},"locations":[{"start":{"line":38,"column":11},"end":{"line":40,"column":6}}]}},"b":{"0":[5],"1":[2],"2":[4],"3":[4],"4":[4],"5":[4],"6":[2],"7":[2],"8":[2],"9":[1],"10":[0],"11":[1],"12":[2]},"fnMap":{"0":{"name":"SearchResultsPage","decl":{"start":{"line":5,"column":7},"end":{"line":72,"column":1}},"loc":{"start":{"line":5,"column":7},"end":{"line":72,"column":1}},"line":5},"1":{"name":"run","decl":{"start":{"line":14,"column":16},"end":{"line":36,"column":6}},"loc":{"start":{"line":14,"column":16},"end":{"line":36,"column":6}},"line":14}},"f":{"0":5,"1":2}}
}
